#
# There is insufficient memory for the Java Runtime Environment to continue.
# Native memory allocation (malloc) failed to allocate 815936 bytes for Chunk::new
# Possible reasons:
#   The system is out of physical RAM or swap space
#   The process is running with CompressedOops enabled, and the Java Heap may be blocking the growth of the native heap
# Possible solutions:
#   Reduce memory load on the system
#   Increase physical memory or swap space
#   Check if swap backing store is full
#   Decrease Java heap size (-Xmx/-Xms)
#   Decrease number of Java threads
#   Decrease Java thread stack sizes (-Xss)
#   Set larger code cache with -XX:ReservedCodeCacheSize=
#   JVM is running with Zero Based Compressed Oops mode in which the Java heap is
#     placed in the first 32GB address space. The Java Heap base address is the
#     maximum limit for the native heap growth. Please use -XX:HeapBaseMinAddress
#     to set the Java Heap base and to place the Java Heap above 32GB virtual address.
# This output file may be truncated or incomplete.
#
#  Out of Memory Error (src/hotspot/share/memory/arena.cpp:197), pid=2840, tid=2824
#
# JRE version: OpenJDK Runtime Environment (11.0.15) (build 11.0.15+0-b2043.56-8887301)
# Java VM: OpenJDK 64-Bit Server VM (11.0.15+0-b2043.56-8887301, mixed mode, tiered, compressed oops, g1 gc, windows-amd64)
# No core dump will be written. Minidumps are not enabled by default on client versions of Windows
#

---------------  S U M M A R Y ------------

Command Line: org.jetbrains.kotlin.cli.jvm.K2JVMCompiler @C:\Users\Ranialvz-PC\MyApplicationlayout06\app\build\20230423_13269936182709826644.compiler.options

Host: Intel(R) Core(TM) i7-4790 CPU @ 3.60GHz, 8 cores, 15G,  Windows 10 , 64 bit Build 17763 (10.0.17763.4131)
Time: Sun Apr 23 10:49:03 2023 Taipei Standard Time elapsed time: 3.284505 seconds (0d 0h 0m 3s)

---------------  T H R E A D  ---------------

Current thread (0x000001a589243000):  JavaThread "C2 CompilerThread1" daemon [_thread_in_native, id=2824, stack(0x0000009e2f100000,0x0000009e2f200000)]


Current CompileTask:
C2:   3284 3086   !   4       jdk.internal.loader.BuiltinClassLoader::findClassOnClassPathOrNull (64 bytes)

Stack: [0x0000009e2f100000,0x0000009e2f200000]
Native frames: (J=compiled Java code, j=interpreted, Vv=VM code, C=native code)
V  [jvm.dll+0x64135a]
V  [jvm.dll+0x7d39f9]
V  [jvm.dll+0x7d51b9]
V  [jvm.dll+0x7d58a3]
V  [jvm.dll+0x2691c5]
V  [jvm.dll+0xc1a5c]
V  [jvm.dll+0xc200c]
V  [jvm.dll+0x2da2c2]
V  [jvm.dll+0x54cad9]
V  [jvm.dll+0x220c9d]
V  [jvm.dll+0x223152]
V  [jvm.dll+0x220384]
V  [jvm.dll+0x19e851]
V  [jvm.dll+0x230479]
V  [jvm.dll+0x22e5ef]
V  [jvm.dll+0x794de1]
V  [jvm.dll+0x78dc24]
V  [jvm.dll+0x6400f6]
C  [ucrtbase.dll+0x2268a]
C  [KERNEL32.DLL+0x17ab4]
C  [ntdll.dll+0x5a351]


---------------  P R O C E S S  ---------------

Threads class SMR info:
_java_thread_list=0x000001a58a3ed6e0, length=11, elements={
0x000001a5e8e65000, 0x000001a58813e000, 0x000001a588136000, 0x000001a5889fd000,
0x000001a5889fe800, 0x000001a5889ff800, 0x000001a588a00800, 0x000001a588a4e000,
0x000001a588a57000, 0x000001a588bbd800, 0x000001a589243000
}

Java Threads: ( => current thread )
  0x000001a5e8e65000 JavaThread "main" [_thread_in_native, id=11308, stack(0x0000009e2e000000,0x0000009e2e100000)]
  0x000001a58813e000 JavaThread "Reference Handler" daemon [_thread_blocked, id=3876, stack(0x0000009e2e700000,0x0000009e2e800000)]
  0x000001a588136000 JavaThread "Finalizer" daemon [_thread_blocked, id=6828, stack(0x0000009e2e800000,0x0000009e2e900000)]
  0x000001a5889fd000 JavaThread "Signal Dispatcher" daemon [_thread_blocked, id=6256, stack(0x0000009e2e900000,0x0000009e2ea00000)]
  0x000001a5889fe800 JavaThread "Attach Listener" daemon [_thread_blocked, id=8848, stack(0x0000009e2ea00000,0x0000009e2eb00000)]
  0x000001a5889ff800 JavaThread "Service Thread" daemon [_thread_blocked, id=10436, stack(0x0000009e2eb00000,0x0000009e2ec00000)]
  0x000001a588a00800 JavaThread "C2 CompilerThread0" daemon [_thread_in_native, id=12860, stack(0x0000009e2ec00000,0x0000009e2ed00000)]
  0x000001a588a4e000 JavaThread "C1 CompilerThread0" daemon [_thread_blocked, id=10576, stack(0x0000009e2ed00000,0x0000009e2ee00000)]
  0x000001a588a57000 JavaThread "Sweeper thread" daemon [_thread_blocked, id=11076, stack(0x0000009e2ee00000,0x0000009e2ef00000)]
  0x000001a588bbd800 JavaThread "Common-Cleaner" daemon [_thread_blocked, id=4184, stack(0x0000009e2f000000,0x0000009e2f100000)]
=>0x000001a589243000 JavaThread "C2 CompilerThread1" daemon [_thread_in_native, id=2824, stack(0x0000009e2f100000,0x0000009e2f200000)]

Other Threads:
  0x000001a5889e9000 VMThread "VM Thread" [stack: 0x0000009e2e600000,0x0000009e2e700000] [id=9240]
  0x000001a588bb3800 WatcherThread [stack: 0x0000009e2ef00000,0x0000009e2f000000] [id=5240]
  0x000001a5e8e7d800 GCTaskThread "GC Thread#0" [stack: 0x0000009e2e100000,0x0000009e2e200000] [id=11240]
  0x000001a5891e3800 GCTaskThread "GC Thread#1" [stack: 0x0000009e2f200000,0x0000009e2f300000] [id=6312]
  0x000001a5891e4000 GCTaskThread "GC Thread#2" [stack: 0x0000009e2f300000,0x0000009e2f400000] [id=5152]
  0x000001a589254800 GCTaskThread "GC Thread#3" [stack: 0x0000009e2f400000,0x0000009e2f500000] [id=4008]
  0x000001a589230800 GCTaskThread "GC Thread#4" [stack: 0x0000009e2f500000,0x0000009e2f600000] [id=12464]
  0x000001a589231800 GCTaskThread "GC Thread#5" [stack: 0x0000009e2f600000,0x0000009e2f700000] [id=12136]
  0x000001a5e8ed8800 ConcurrentGCThread "G1 Main Marker" [stack: 0x0000009e2e200000,0x0000009e2e300000] [id=240]
  0x000001a5e8eda000 ConcurrentGCThread "G1 Conc#0" [stack: 0x0000009e2e300000,0x0000009e2e400000] [id=2288]
  0x000001a589ca8000 ConcurrentGCThread "G1 Conc#1" [stack: 0x0000009e2f700000,0x0000009e2f800000] [id=11644]
  0x000001a58800b800 ConcurrentGCThread "G1 Refine#0" [stack: 0x0000009e2e400000,0x0000009e2e500000] [id=11684]
  0x000001a58a562800 ConcurrentGCThread "G1 Refine#1" [stack: 0x0000009e2f800000,0x0000009e2f900000] [id=11276]
  0x000001a58a6e7800 ConcurrentGCThread "G1 Refine#2" [stack: 0x0000009e2f900000,0x0000009e2fa00000] [id=2280]
  0x000001a58800f800 ConcurrentGCThread "G1 Young RemSet Sampling" [stack: 0x0000009e2e500000,0x0000009e2e600000] [id=10924]

Threads with active compile tasks:
C2 CompilerThread0     3297 3108       4       java.lang.ClassLoader::getNamedPackage (73 bytes)
C1 CompilerThread0     3297 3110       1       org.jetbrains.kotlin.com.intellij.openapi.vfs.impl.jar.CoreJarVirtualFile::getChildren (5 bytes)
C2 CompilerThread1     3297 3086   !   4       jdk.internal.loader.BuiltinClassLoader::findClassOnClassPathOrNull (64 bytes)

VM state:not at safepoint (normal execution)

VM Mutex/Monitor currently owned by a thread: None

Heap address: 0x0000000701800000, size: 4072 MB, Compressed Oops mode: Zero based, Oop shift amount: 3
Narrow klass base: 0x0000000800000000, Narrow klass shift: 0
Compressed class space size: 1073741824 Address: 0x0000000800000000

Heap:
 garbage-first heap   total 262144K, used 71617K [0x0000000701800000, 0x0000000800000000)
  region size 1024K, 49 young (50176K), 3 survivors (3072K)
 Metaspace       used 44940K, capacity 45427K, committed 45568K, reserved 1097728K
  class space    used 5323K, capacity 5534K, committed 5632K, reserved 1048576K
Heap Regions: E=young(eden), S=young(survivor), O=old, HS=humongous(starts), HC=humongous(continues), CS=collection set, F=free, A=archive, TAMS=top-at-mark-start (previous, next)
|   0|0x0000000701800000, 0x0000000701900000, 0x0000000701900000|100%|HS|  |TAMS 0x0000000701900000, 0x0000000701800000| Complete 
|   1|0x0000000701900000, 0x0000000701a00000, 0x0000000701a00000|100%|HC|  |TAMS 0x0000000701a00000, 0x0000000701900000| Complete 
|   2|0x0000000701a00000, 0x0000000701b00000, 0x0000000701b00000|100%|HC|  |TAMS 0x0000000701b00000, 0x0000000701a00000| Complete 
|   3|0x0000000701b00000, 0x0000000701c00000, 0x0000000701c00000|100%|HC|  |TAMS 0x0000000701c00000, 0x0000000701b00000| Complete 
|   4|0x0000000701c00000, 0x0000000701d00000, 0x0000000701d00000|100%| O|  |TAMS 0x0000000701d00000, 0x0000000701c00000| Untracked 
|   5|0x0000000701d00000, 0x0000000701e00000, 0x0000000701e00000|100%| O|  |TAMS 0x0000000701e00000, 0x0000000701d00000| Untracked 
|   6|0x0000000701e00000, 0x0000000701f00000, 0x0000000701f00000|100%|HS|  |TAMS 0x0000000701f00000, 0x0000000701e00000| Complete 
|   7|0x0000000701f00000, 0x0000000702000000, 0x0000000702000000|100%|HC|  |TAMS 0x0000000702000000, 0x0000000701f00000| Complete 
|   8|0x0000000702000000, 0x0000000702100000, 0x0000000702100000|100%|HC|  |TAMS 0x0000000702100000, 0x0000000702000000| Complete 
|   9|0x0000000702100000, 0x0000000702200000, 0x0000000702200000|100%|HC|  |TAMS 0x0000000702200000, 0x0000000702100000| Complete 
|  10|0x0000000702200000, 0x0000000702300000, 0x0000000702300000|100%|HS|  |TAMS 0x0000000702300000, 0x0000000702200000| Complete 
|  11|0x0000000702300000, 0x0000000702400000, 0x0000000702400000|100%|HC|  |TAMS 0x0000000702400000, 0x0000000702300000| Complete 
|  12|0x0000000702400000, 0x0000000702500000, 0x0000000702500000|100%| O|  |TAMS 0x0000000702500000, 0x0000000702400000| Untracked 
|  13|0x0000000702500000, 0x0000000702600000, 0x0000000702600000|100%| O|  |TAMS 0x0000000702600000, 0x0000000702500000| Untracked 
|  14|0x0000000702600000, 0x0000000702700000, 0x0000000702700000|100%| O|  |TAMS 0x0000000702700000, 0x0000000702600000| Untracked 
|  15|0x0000000702700000, 0x0000000702800000, 0x0000000702800000|100%| O|  |TAMS 0x0000000702800000, 0x0000000702700000| Untracked 
|  16|0x0000000702800000, 0x0000000702900000, 0x0000000702900000|100%| O|  |TAMS 0x0000000702900000, 0x0000000702800000| Untracked 
|  17|0x0000000702900000, 0x0000000702a00000, 0x0000000702a00000|100%| O|  |TAMS 0x0000000702a00000, 0x0000000702900000| Untracked 
|  18|0x0000000702a00000, 0x0000000702b00000, 0x0000000702b00000|100%| O|  |TAMS 0x0000000702b00000, 0x0000000702a00000| Untracked 
|  19|0x0000000702b00000, 0x0000000702c00000, 0x0000000702c00000|100%| O|  |TAMS 0x0000000702c00000, 0x0000000702b00000| Untracked 
|  20|0x0000000702c00000, 0x0000000702d00000, 0x0000000702d00000|100%| O|  |TAMS 0x0000000702d00000, 0x0000000702c00000| Untracked 
|  21|0x0000000702d00000, 0x0000000702e00000, 0x0000000702e00000|100%| O|  |TAMS 0x0000000702e00000, 0x0000000702d00000| Untracked 
|  22|0x0000000702e00000, 0x0000000702ebe200, 0x0000000702f00000| 74%| O|  |TAMS 0x0000000702ebe200, 0x0000000702e00000| Untracked 
|  23|0x0000000702f00000, 0x0000000702f00000, 0x0000000703000000|  0%| F|  |TAMS 0x0000000702f00000, 0x0000000702f00000| Untracked 
|  24|0x0000000703000000, 0x0000000703000000, 0x0000000703100000|  0%| F|  |TAMS 0x0000000703000000, 0x0000000703000000| Untracked 
|  25|0x0000000703100000, 0x0000000703100000, 0x0000000703200000|  0%| F|  |TAMS 0x0000000703100000, 0x0000000703100000| Untracked 
|  26|0x0000000703200000, 0x0000000703200000, 0x0000000703300000|  0%| F|  |TAMS 0x0000000703200000, 0x0000000703200000| Untracked 
|  27|0x0000000703300000, 0x0000000703300000, 0x0000000703400000|  0%| F|  |TAMS 0x0000000703300000, 0x0000000703300000| Untracked 
|  28|0x0000000703400000, 0x0000000703400000, 0x0000000703500000|  0%| F|  |TAMS 0x0000000703400000, 0x0000000703400000| Untracked 
|  29|0x0000000703500000, 0x0000000703500000, 0x0000000703600000|  0%| F|  |TAMS 0x0000000703500000, 0x0000000703500000| Untracked 
|  30|0x0000000703600000, 0x0000000703600000, 0x0000000703700000|  0%| F|  |TAMS 0x0000000703600000, 0x0000000703600000| Untracked 
|  31|0x0000000703700000, 0x0000000703700000, 0x0000000703800000|  0%| F|  |TAMS 0x0000000703700000, 0x0000000703700000| Untracked 
|  32|0x0000000703800000, 0x0000000703800000, 0x0000000703900000|  0%| F|  |TAMS 0x0000000703800000, 0x0000000703800000| Untracked 
|  33|0x0000000703900000, 0x0000000703900000, 0x0000000703a00000|  0%| F|  |TAMS 0x0000000703900000, 0x0000000703900000| Untracked 
|  34|0x0000000703a00000, 0x0000000703a00000, 0x0000000703b00000|  0%| F|  |TAMS 0x0000000703a00000, 0x0000000703a00000| Untracked 
|  35|0x0000000703b00000, 0x0000000703b00000, 0x0000000703c00000|  0%| F|  |TAMS 0x0000000703b00000, 0x0000000703b00000| Untracked 
|  36|0x0000000703c00000, 0x0000000703c00000, 0x0000000703d00000|  0%| F|  |TAMS 0x0000000703c00000, 0x0000000703c00000| Untracked 
|  37|0x0000000703d00000, 0x0000000703d00000, 0x0000000703e00000|  0%| F|  |TAMS 0x0000000703d00000, 0x0000000703d00000| Untracked 
|  38|0x0000000703e00000, 0x0000000703e00000, 0x0000000703f00000|  0%| F|  |TAMS 0x0000000703e00000, 0x0000000703e00000| Untracked 
|  39|0x0000000703f00000, 0x0000000703f00000, 0x0000000704000000|  0%| F|  |TAMS 0x0000000703f00000, 0x0000000703f00000| Untracked 
|  40|0x0000000704000000, 0x0000000704000000, 0x0000000704100000|  0%| F|  |TAMS 0x0000000704000000, 0x0000000704000000| Untracked 
|  41|0x0000000704100000, 0x0000000704100000, 0x0000000704200000|  0%| F|  |TAMS 0x0000000704100000, 0x0000000704100000| Untracked 
|  42|0x0000000704200000, 0x0000000704200000, 0x0000000704300000|  0%| F|  |TAMS 0x0000000704200000, 0x0000000704200000| Untracked 
|  43|0x0000000704300000, 0x0000000704300000, 0x0000000704400000|  0%| F|  |TAMS 0x0000000704300000, 0x0000000704300000| Untracked 
|  44|0x0000000704400000, 0x0000000704400000, 0x0000000704500000|  0%| F|  |TAMS 0x0000000704400000, 0x0000000704400000| Untracked 
|  45|0x0000000704500000, 0x0000000704500000, 0x0000000704600000|  0%| F|  |TAMS 0x0000000704500000, 0x0000000704500000| Untracked 
|  46|0x0000000704600000, 0x0000000704600000, 0x0000000704700000|  0%| F|  |TAMS 0x0000000704600000, 0x0000000704600000| Untracked 
|  47|0x0000000704700000, 0x0000000704700000, 0x0000000704800000|  0%| F|  |TAMS 0x0000000704700000, 0x0000000704700000| Untracked 
|  48|0x0000000704800000, 0x0000000704800000, 0x0000000704900000|  0%| F|  |TAMS 0x0000000704800000, 0x0000000704800000| Untracked 
|  49|0x0000000704900000, 0x0000000704900000, 0x0000000704a00000|  0%| F|  |TAMS 0x0000000704900000, 0x0000000704900000| Untracked 
|  50|0x0000000704a00000, 0x0000000704a00000, 0x0000000704b00000|  0%| F|  |TAMS 0x0000000704a00000, 0x0000000704a00000| Untracked 
|  51|0x0000000704b00000, 0x0000000704b00000, 0x0000000704c00000|  0%| F|  |TAMS 0x0000000704b00000, 0x0000000704b00000| Untracked 
|  52|0x0000000704c00000, 0x0000000704c00000, 0x0000000704d00000|  0%| F|  |TAMS 0x0000000704c00000, 0x0000000704c00000| Untracked 
|  53|0x0000000704d00000, 0x0000000704d00000, 0x0000000704e00000|  0%| F|  |TAMS 0x0000000704d00000, 0x0000000704d00000| Untracked 
|  54|0x0000000704e00000, 0x0000000704e00000, 0x0000000704f00000|  0%| F|  |TAMS 0x0000000704e00000, 0x0000000704e00000| Untracked 
|  55|0x0000000704f00000, 0x0000000704f00000, 0x0000000705000000|  0%| F|  |TAMS 0x0000000704f00000, 0x0000000704f00000| Untracked 
|  56|0x0000000705000000, 0x0000000705000000, 0x0000000705100000|  0%| F|  |TAMS 0x0000000705000000, 0x0000000705000000| Untracked 
|  57|0x0000000705100000, 0x0000000705100000, 0x0000000705200000|  0%| F|  |TAMS 0x0000000705100000, 0x0000000705100000| Untracked 
|  58|0x0000000705200000, 0x0000000705200000, 0x0000000705300000|  0%| F|  |TAMS 0x0000000705200000, 0x0000000705200000| Untracked 
|  59|0x0000000705300000, 0x0000000705300000, 0x0000000705400000|  0%| F|  |TAMS 0x0000000705300000, 0x0000000705300000| Untracked 
|  60|0x0000000705400000, 0x0000000705400000, 0x0000000705500000|  0%| F|  |TAMS 0x0000000705400000, 0x0000000705400000| Untracked 
|  61|0x0000000705500000, 0x0000000705500000, 0x0000000705600000|  0%| F|  |TAMS 0x0000000705500000, 0x0000000705500000| Untracked 
|  62|0x0000000705600000, 0x0000000705600000, 0x0000000705700000|  0%| F|  |TAMS 0x0000000705600000, 0x0000000705600000| Untracked 
|  63|0x0000000705700000, 0x0000000705700000, 0x0000000705800000|  0%| F|  |TAMS 0x0000000705700000, 0x0000000705700000| Untracked 
|  64|0x0000000705800000, 0x0000000705800000, 0x0000000705900000|  0%| F|  |TAMS 0x0000000705800000, 0x0000000705800000| Untracked 
|  65|0x0000000705900000, 0x0000000705900000, 0x0000000705a00000|  0%| F|  |TAMS 0x0000000705900000, 0x0000000705900000| Untracked 
|  66|0x0000000705a00000, 0x0000000705a00000, 0x0000000705b00000|  0%| F|  |TAMS 0x0000000705a00000, 0x0000000705a00000| Untracked 
|  67|0x0000000705b00000, 0x0000000705b00000, 0x0000000705c00000|  0%| F|  |TAMS 0x0000000705b00000, 0x0000000705b00000| Untracked 
|  68|0x0000000705c00000, 0x0000000705c00000, 0x0000000705d00000|  0%| F|  |TAMS 0x0000000705c00000, 0x0000000705c00000| Untracked 
|  69|0x0000000705d00000, 0x0000000705d00000, 0x0000000705e00000|  0%| F|  |TAMS 0x0000000705d00000, 0x0000000705d00000| Untracked 
|  70|0x0000000705e00000, 0x0000000705e00000, 0x0000000705f00000|  0%| F|  |TAMS 0x0000000705e00000, 0x0000000705e00000| Untracked 
|  71|0x0000000705f00000, 0x0000000705f00000, 0x0000000706000000|  0%| F|  |TAMS 0x0000000705f00000, 0x0000000705f00000| Untracked 
|  72|0x0000000706000000, 0x0000000706000000, 0x0000000706100000|  0%| F|  |TAMS 0x0000000706000000, 0x0000000706000000| Untracked 
|  73|0x0000000706100000, 0x0000000706100000, 0x0000000706200000|  0%| F|  |TAMS 0x0000000706100000, 0x0000000706100000| Untracked 
|  74|0x0000000706200000, 0x0000000706200000, 0x0000000706300000|  0%| F|  |TAMS 0x0000000706200000, 0x0000000706200000| Untracked 
|  75|0x0000000706300000, 0x0000000706300000, 0x0000000706400000|  0%| F|  |TAMS 0x0000000706300000, 0x0000000706300000| Untracked 
|  76|0x0000000706400000, 0x0000000706400000, 0x0000000706500000|  0%| F|  |TAMS 0x0000000706400000, 0x0000000706400000| Untracked 
|  77|0x0000000706500000, 0x0000000706500000, 0x0000000706600000|  0%| F|  |TAMS 0x0000000706500000, 0x0000000706500000| Untracked 
|  78|0x0000000706600000, 0x0000000706600000, 0x0000000706700000|  0%| F|  |TAMS 0x0000000706600000, 0x0000000706600000| Untracked 
|  79|0x0000000706700000, 0x0000000706700000, 0x0000000706800000|  0%| F|  |TAMS 0x0000000706700000, 0x0000000706700000| Untracked 
|  80|0x0000000706800000, 0x0000000706800000, 0x0000000706900000|  0%| F|  |TAMS 0x0000000706800000, 0x0000000706800000| Untracked 
|  81|0x0000000706900000, 0x0000000706900000, 0x0000000706a00000|  0%| F|  |TAMS 0x0000000706900000, 0x0000000706900000| Untracked 
|  82|0x0000000706a00000, 0x0000000706a00000, 0x0000000706b00000|  0%| F|  |TAMS 0x0000000706a00000, 0x0000000706a00000| Untracked 
|  83|0x0000000706b00000, 0x0000000706b00000, 0x0000000706c00000|  0%| F|  |TAMS 0x0000000706b00000, 0x0000000706b00000| Untracked 
|  84|0x0000000706c00000, 0x0000000706c00000, 0x0000000706d00000|  0%| F|  |TAMS 0x0000000706c00000, 0x0000000706c00000| Untracked 
|  85|0x0000000706d00000, 0x0000000706d00000, 0x0000000706e00000|  0%| F|  |TAMS 0x0000000706d00000, 0x0000000706d00000| Untracked 
|  86|0x0000000706e00000, 0x0000000706e00000, 0x0000000706f00000|  0%| F|  |TAMS 0x0000000706e00000, 0x0000000706e00000| Untracked 
|  87|0x0000000706f00000, 0x0000000706f00000, 0x0000000707000000|  0%| F|  |TAMS 0x0000000706f00000, 0x0000000706f00000| Untracked 
|  88|0x0000000707000000, 0x0000000707000000, 0x0000000707100000|  0%| F|  |TAMS 0x0000000707000000, 0x0000000707000000| Untracked 
|  89|0x0000000707100000, 0x0000000707100000, 0x0000000707200000|  0%| F|  |TAMS 0x0000000707100000, 0x0000000707100000| Untracked 
|  90|0x0000000707200000, 0x0000000707200000, 0x0000000707300000|  0%| F|  |TAMS 0x0000000707200000, 0x0000000707200000| Untracked 
|  91|0x0000000707300000, 0x0000000707300000, 0x0000000707400000|  0%| F|  |TAMS 0x0000000707300000, 0x0000000707300000| Untracked 
|  92|0x0000000707400000, 0x0000000707400000, 0x0000000707500000|  0%| F|  |TAMS 0x0000000707400000, 0x0000000707400000| Untracked 
|  93|0x0000000707500000, 0x0000000707500000, 0x0000000707600000|  0%| F|  |TAMS 0x0000000707500000, 0x0000000707500000| Untracked 
|  94|0x0000000707600000, 0x0000000707600000, 0x0000000707700000|  0%| F|  |TAMS 0x0000000707600000, 0x0000000707600000| Untracked 
|  95|0x0000000707700000, 0x0000000707700000, 0x0000000707800000|  0%| F|  |TAMS 0x0000000707700000, 0x0000000707700000| Untracked 
|  96|0x0000000707800000, 0x0000000707800000, 0x0000000707900000|  0%| F|  |TAMS 0x0000000707800000, 0x0000000707800000| Untracked 
|  97|0x0000000707900000, 0x0000000707900000, 0x0000000707a00000|  0%| F|  |TAMS 0x0000000707900000, 0x0000000707900000| Untracked 
|  98|0x0000000707a00000, 0x0000000707a00000, 0x0000000707b00000|  0%| F|  |TAMS 0x0000000707a00000, 0x0000000707a00000| Untracked 
|  99|0x0000000707b00000, 0x0000000707b00000, 0x0000000707c00000|  0%| F|  |TAMS 0x0000000707b00000, 0x0000000707b00000| Untracked 
| 100|0x0000000707c00000, 0x0000000707c00000, 0x0000000707d00000|  0%| F|  |TAMS 0x0000000707c00000, 0x0000000707c00000| Untracked 
| 101|0x0000000707d00000, 0x0000000707d00000, 0x0000000707e00000|  0%| F|  |TAMS 0x0000000707d00000, 0x0000000707d00000| Untracked 
| 102|0x0000000707e00000, 0x0000000707e00000, 0x0000000707f00000|  0%| F|  |TAMS 0x0000000707e00000, 0x0000000707e00000| Untracked 
| 103|0x0000000707f00000, 0x0000000707f00000, 0x0000000708000000|  0%| F|  |TAMS 0x0000000707f00000, 0x0000000707f00000| Untracked 
| 104|0x0000000708000000, 0x0000000708000000, 0x0000000708100000|  0%| F|  |TAMS 0x0000000708000000, 0x0000000708000000| Untracked 
| 105|0x0000000708100000, 0x0000000708100000, 0x0000000708200000|  0%| F|  |TAMS 0x0000000708100000, 0x0000000708100000| Untracked 
| 106|0x0000000708200000, 0x0000000708200000, 0x0000000708300000|  0%| F|  |TAMS 0x0000000708200000, 0x0000000708200000| Untracked 
| 107|0x0000000708300000, 0x0000000708300000, 0x0000000708400000|  0%| F|  |TAMS 0x0000000708300000, 0x0000000708300000| Untracked 
| 108|0x0000000708400000, 0x0000000708400000, 0x0000000708500000|  0%| F|  |TAMS 0x0000000708400000, 0x0000000708400000| Untracked 
| 109|0x0000000708500000, 0x0000000708500000, 0x0000000708600000|  0%| F|  |TAMS 0x0000000708500000, 0x0000000708500000| Untracked 
| 110|0x0000000708600000, 0x0000000708600000, 0x0000000708700000|  0%| F|  |TAMS 0x0000000708600000, 0x0000000708600000| Untracked 
| 111|0x0000000708700000, 0x0000000708700000, 0x0000000708800000|  0%| F|  |TAMS 0x0000000708700000, 0x0000000708700000| Untracked 
| 112|0x0000000708800000, 0x0000000708800000, 0x0000000708900000|  0%| F|  |TAMS 0x0000000708800000, 0x0000000708800000| Untracked 
| 113|0x0000000708900000, 0x0000000708900000, 0x0000000708a00000|  0%| F|  |TAMS 0x0000000708900000, 0x0000000708900000| Untracked 
| 114|0x0000000708a00000, 0x0000000708a00000, 0x0000000708b00000|  0%| F|  |TAMS 0x0000000708a00000, 0x0000000708a00000| Untracked 
| 115|0x0000000708b00000, 0x0000000708b00000, 0x0000000708c00000|  0%| F|  |TAMS 0x0000000708b00000, 0x0000000708b00000| Untracked 
| 116|0x0000000708c00000, 0x0000000708c00000, 0x0000000708d00000|  0%| F|  |TAMS 0x0000000708c00000, 0x0000000708c00000| Untracked 
| 117|0x0000000708d00000, 0x0000000708d00000, 0x0000000708e00000|  0%| F|  |TAMS 0x0000000708d00000, 0x0000000708d00000| Untracked 
| 118|0x0000000708e00000, 0x0000000708e00000, 0x0000000708f00000|  0%| F|  |TAMS 0x0000000708e00000, 0x0000000708e00000| Untracked 
| 119|0x0000000708f00000, 0x0000000708f00000, 0x0000000709000000|  0%| F|  |TAMS 0x0000000708f00000, 0x0000000708f00000| Untracked 
| 120|0x0000000709000000, 0x0000000709000000, 0x0000000709100000|  0%| F|  |TAMS 0x0000000709000000, 0x0000000709000000| Untracked 
| 121|0x0000000709100000, 0x0000000709100000, 0x0000000709200000|  0%| F|  |TAMS 0x0000000709100000, 0x0000000709100000| Untracked 
| 122|0x0000000709200000, 0x0000000709200000, 0x0000000709300000|  0%| F|  |TAMS 0x0000000709200000, 0x0000000709200000| Untracked 
| 123|0x0000000709300000, 0x0000000709300000, 0x0000000709400000|  0%| F|  |TAMS 0x0000000709300000, 0x0000000709300000| Untracked 
| 124|0x0000000709400000, 0x0000000709400000, 0x0000000709500000|  0%| F|  |TAMS 0x0000000709400000, 0x0000000709400000| Untracked 
| 125|0x0000000709500000, 0x0000000709500000, 0x0000000709600000|  0%| F|  |TAMS 0x0000000709500000, 0x0000000709500000| Untracked 
| 126|0x0000000709600000, 0x0000000709600000, 0x0000000709700000|  0%| F|  |TAMS 0x0000000709600000, 0x0000000709600000| Untracked 
| 127|0x0000000709700000, 0x0000000709700000, 0x0000000709800000|  0%| F|  |TAMS 0x0000000709700000, 0x0000000709700000| Untracked 
| 128|0x0000000709800000, 0x0000000709800000, 0x0000000709900000|  0%| F|  |TAMS 0x0000000709800000, 0x0000000709800000| Untracked 
| 129|0x0000000709900000, 0x0000000709900000, 0x0000000709a00000|  0%| F|  |TAMS 0x0000000709900000, 0x0000000709900000| Untracked 
| 130|0x0000000709a00000, 0x0000000709a00000, 0x0000000709b00000|  0%| F|  |TAMS 0x0000000709a00000, 0x0000000709a00000| Untracked 
| 131|0x0000000709b00000, 0x0000000709b00000, 0x0000000709c00000|  0%| F|  |TAMS 0x0000000709b00000, 0x0000000709b00000| Untracked 
| 132|0x0000000709c00000, 0x0000000709c00000, 0x0000000709d00000|  0%| F|  |TAMS 0x0000000709c00000, 0x0000000709c00000| Untracked 
| 133|0x0000000709d00000, 0x0000000709d00000, 0x0000000709e00000|  0%| F|  |TAMS 0x0000000709d00000, 0x0000000709d00000| Untracked 
| 134|0x0000000709e00000, 0x0000000709e00000, 0x0000000709f00000|  0%| F|  |TAMS 0x0000000709e00000, 0x0000000709e00000| Untracked 
| 135|0x0000000709f00000, 0x0000000709f00000, 0x000000070a000000|  0%| F|  |TAMS 0x0000000709f00000, 0x0000000709f00000| Untracked 
| 136|0x000000070a000000, 0x000000070a000000, 0x000000070a100000|  0%| F|  |TAMS 0x000000070a000000, 0x000000070a000000| Untracked 
| 137|0x000000070a100000, 0x000000070a100000, 0x000000070a200000|  0%| F|  |TAMS 0x000000070a100000, 0x000000070a100000| Untracked 
| 138|0x000000070a200000, 0x000000070a200000, 0x000000070a300000|  0%| F|  |TAMS 0x000000070a200000, 0x000000070a200000| Untracked 
| 139|0x000000070a300000, 0x000000070a300000, 0x000000070a400000|  0%| F|  |TAMS 0x000000070a300000, 0x000000070a300000| Untracked 
| 140|0x000000070a400000, 0x000000070a400000, 0x000000070a500000|  0%| F|  |TAMS 0x000000070a400000, 0x000000070a400000| Untracked 
| 141|0x000000070a500000, 0x000000070a500000, 0x000000070a600000|  0%| F|  |TAMS 0x000000070a500000, 0x000000070a500000| Untracked 
| 142|0x000000070a600000, 0x000000070a600000, 0x000000070a700000|  0%| F|  |TAMS 0x000000070a600000, 0x000000070a600000| Untracked 
| 143|0x000000070a700000, 0x000000070a700000, 0x000000070a800000|  0%| F|  |TAMS 0x000000070a700000, 0x000000070a700000| Untracked 
| 144|0x000000070a800000, 0x000000070a800000, 0x000000070a900000|  0%| F|  |TAMS 0x000000070a800000, 0x000000070a800000| Untracked 
| 145|0x000000070a900000, 0x000000070a900000, 0x000000070aa00000|  0%| F|  |TAMS 0x000000070a900000, 0x000000070a900000| Untracked 
| 146|0x000000070aa00000, 0x000000070aa00000, 0x000000070ab00000|  0%| F|  |TAMS 0x000000070aa00000, 0x000000070aa00000| Untracked 
| 147|0x000000070ab00000, 0x000000070ab00000, 0x000000070ac00000|  0%| F|  |TAMS 0x000000070ab00000, 0x000000070ab00000| Untracked 
| 148|0x000000070ac00000, 0x000000070ac00000, 0x000000070ad00000|  0%| F|  |TAMS 0x000000070ac00000, 0x000000070ac00000| Untracked 
| 149|0x000000070ad00000, 0x000000070ad00000, 0x000000070ae00000|  0%| F|  |TAMS 0x000000070ad00000, 0x000000070ad00000| Untracked 
| 150|0x000000070ae00000, 0x000000070ae00000, 0x000000070af00000|  0%| F|  |TAMS 0x000000070ae00000, 0x000000070ae00000| Untracked 
| 151|0x000000070af00000, 0x000000070af00000, 0x000000070b000000|  0%| F|  |TAMS 0x000000070af00000, 0x000000070af00000| Untracked 
| 152|0x000000070b000000, 0x000000070b000000, 0x000000070b100000|  0%| F|  |TAMS 0x000000070b000000, 0x000000070b000000| Untracked 
| 153|0x000000070b100000, 0x000000070b100000, 0x000000070b200000|  0%| F|  |TAMS 0x000000070b100000, 0x000000070b100000| Untracked 
| 154|0x000000070b200000, 0x000000070b200000, 0x000000070b300000|  0%| F|  |TAMS 0x000000070b200000, 0x000000070b200000| Untracked 
| 155|0x000000070b300000, 0x000000070b300000, 0x000000070b400000|  0%| F|  |TAMS 0x000000070b300000, 0x000000070b300000| Untracked 
| 156|0x000000070b400000, 0x000000070b400000, 0x000000070b500000|  0%| F|  |TAMS 0x000000070b400000, 0x000000070b400000| Untracked 
| 157|0x000000070b500000, 0x000000070b500000, 0x000000070b600000|  0%| F|  |TAMS 0x000000070b500000, 0x000000070b500000| Untracked 
| 158|0x000000070b600000, 0x000000070b600000, 0x000000070b700000|  0%| F|  |TAMS 0x000000070b600000, 0x000000070b600000| Untracked 
| 159|0x000000070b700000, 0x000000070b700000, 0x000000070b800000|  0%| F|  |TAMS 0x000000070b700000, 0x000000070b700000| Untracked 
| 160|0x000000070b800000, 0x000000070b800000, 0x000000070b900000|  0%| F|  |TAMS 0x000000070b800000, 0x000000070b800000| Untracked 
| 161|0x000000070b900000, 0x000000070b900000, 0x000000070ba00000|  0%| F|  |TAMS 0x000000070b900000, 0x000000070b900000| Untracked 
| 162|0x000000070ba00000, 0x000000070ba00000, 0x000000070bb00000|  0%| F|  |TAMS 0x000000070ba00000, 0x000000070ba00000| Untracked 
| 163|0x000000070bb00000, 0x000000070bb00000, 0x000000070bc00000|  0%| F|  |TAMS 0x000000070bb00000, 0x000000070bb00000| Untracked 
| 164|0x000000070bc00000, 0x000000070bc00000, 0x000000070bd00000|  0%| F|  |TAMS 0x000000070bc00000, 0x000000070bc00000| Untracked 
| 165|0x000000070bd00000, 0x000000070bd00000, 0x000000070be00000|  0%| F|  |TAMS 0x000000070bd00000, 0x000000070bd00000| Untracked 
| 166|0x000000070be00000, 0x000000070be00000, 0x000000070bf00000|  0%| F|  |TAMS 0x000000070be00000, 0x000000070be00000| Untracked 
| 167|0x000000070bf00000, 0x000000070bf00000, 0x000000070c000000|  0%| F|  |TAMS 0x000000070bf00000, 0x000000070bf00000| Untracked 
| 168|0x000000070c000000, 0x000000070c000000, 0x000000070c100000|  0%| F|  |TAMS 0x000000070c000000, 0x000000070c000000| Untracked 
| 169|0x000000070c100000, 0x000000070c100000, 0x000000070c200000|  0%| F|  |TAMS 0x000000070c100000, 0x000000070c100000| Untracked 
| 170|0x000000070c200000, 0x000000070c200000, 0x000000070c300000|  0%| F|  |TAMS 0x000000070c200000, 0x000000070c200000| Untracked 
| 171|0x000000070c300000, 0x000000070c300000, 0x000000070c400000|  0%| F|  |TAMS 0x000000070c300000, 0x000000070c300000| Untracked 
| 172|0x000000070c400000, 0x000000070c400000, 0x000000070c500000|  0%| F|  |TAMS 0x000000070c400000, 0x000000070c400000| Untracked 
| 173|0x000000070c500000, 0x000000070c500000, 0x000000070c600000|  0%| F|  |TAMS 0x000000070c500000, 0x000000070c500000| Untracked 
| 174|0x000000070c600000, 0x000000070c600000, 0x000000070c700000|  0%| F|  |TAMS 0x000000070c600000, 0x000000070c600000| Untracked 
| 175|0x000000070c700000, 0x000000070c700000, 0x000000070c800000|  0%| F|  |TAMS 0x000000070c700000, 0x000000070c700000| Untracked 
| 176|0x000000070c800000, 0x000000070c800000, 0x000000070c900000|  0%| F|  |TAMS 0x000000070c800000, 0x000000070c800000| Untracked 
| 177|0x000000070c900000, 0x000000070c900000, 0x000000070ca00000|  0%| F|  |TAMS 0x000000070c900000, 0x000000070c900000| Untracked 
| 178|0x000000070ca00000, 0x000000070ca00000, 0x000000070cb00000|  0%| F|  |TAMS 0x000000070ca00000, 0x000000070ca00000| Untracked 
| 179|0x000000070cb00000, 0x000000070cb00000, 0x000000070cc00000|  0%| F|  |TAMS 0x000000070cb00000, 0x000000070cb00000| Untracked 
| 180|0x000000070cc00000, 0x000000070cc00000, 0x000000070cd00000|  0%| F|  |TAMS 0x000000070cc00000, 0x000000070cc00000| Untracked 
| 181|0x000000070cd00000, 0x000000070cd00000, 0x000000070ce00000|  0%| F|  |TAMS 0x000000070cd00000, 0x000000070cd00000| Untracked 
| 182|0x000000070ce00000, 0x000000070ce00000, 0x000000070cf00000|  0%| F|  |TAMS 0x000000070ce00000, 0x000000070ce00000| Untracked 
| 183|0x000000070cf00000, 0x000000070cf00000, 0x000000070d000000|  0%| F|  |TAMS 0x000000070cf00000, 0x000000070cf00000| Untracked 
| 184|0x000000070d000000, 0x000000070d000000, 0x000000070d100000|  0%| F|  |TAMS 0x000000070d000000, 0x000000070d000000| Untracked 
| 185|0x000000070d100000, 0x000000070d100000, 0x000000070d200000|  0%| F|  |TAMS 0x000000070d100000, 0x000000070d100000| Untracked 
| 186|0x000000070d200000, 0x000000070d200000, 0x000000070d300000|  0%| F|  |TAMS 0x000000070d200000, 0x000000070d200000| Untracked 
| 187|0x000000070d300000, 0x000000070d300000, 0x000000070d400000|  0%| F|  |TAMS 0x000000070d300000, 0x000000070d300000| Untracked 
| 188|0x000000070d400000, 0x000000070d400000, 0x000000070d500000|  0%| F|  |TAMS 0x000000070d400000, 0x000000070d400000| Untracked 
| 189|0x000000070d500000, 0x000000070d500000, 0x000000070d600000|  0%| F|  |TAMS 0x000000070d500000, 0x000000070d500000| Untracked 
| 190|0x000000070d600000, 0x000000070d600000, 0x000000070d700000|  0%| F|  |TAMS 0x000000070d600000, 0x000000070d600000| Untracked 
| 191|0x000000070d700000, 0x000000070d700000, 0x000000070d800000|  0%| F|  |TAMS 0x000000070d700000, 0x000000070d700000| Untracked 
| 192|0x000000070d800000, 0x000000070d800000, 0x000000070d900000|  0%| F|  |TAMS 0x000000070d800000, 0x000000070d800000| Untracked 
| 193|0x000000070d900000, 0x000000070d900000, 0x000000070da00000|  0%| F|  |TAMS 0x000000070d900000, 0x000000070d900000| Untracked 
| 194|0x000000070da00000, 0x000000070da00000, 0x000000070db00000|  0%| F|  |TAMS 0x000000070da00000, 0x000000070da00000| Untracked 
| 195|0x000000070db00000, 0x000000070db00000, 0x000000070dc00000|  0%| F|  |TAMS 0x000000070db00000, 0x000000070db00000| Untracked 
| 196|0x000000070dc00000, 0x000000070dc00000, 0x000000070dd00000|  0%| F|  |TAMS 0x000000070dc00000, 0x000000070dc00000| Untracked 
| 197|0x000000070dd00000, 0x000000070dd00000, 0x000000070de00000|  0%| F|  |TAMS 0x000000070dd00000, 0x000000070dd00000| Untracked 
| 198|0x000000070de00000, 0x000000070de00000, 0x000000070df00000|  0%| F|  |TAMS 0x000000070de00000, 0x000000070de00000| Untracked 
| 199|0x000000070df00000, 0x000000070df00000, 0x000000070e000000|  0%| F|  |TAMS 0x000000070df00000, 0x000000070df00000| Untracked 
| 200|0x000000070e000000, 0x000000070e000000, 0x000000070e100000|  0%| F|  |TAMS 0x000000070e000000, 0x000000070e000000| Untracked 
| 201|0x000000070e100000, 0x000000070e100000, 0x000000070e200000|  0%| F|  |TAMS 0x000000070e100000, 0x000000070e100000| Untracked 
| 202|0x000000070e200000, 0x000000070e200000, 0x000000070e300000|  0%| F|  |TAMS 0x000000070e200000, 0x000000070e200000| Untracked 
| 203|0x000000070e300000, 0x000000070e300000, 0x000000070e400000|  0%| F|  |TAMS 0x000000070e300000, 0x000000070e300000| Untracked 
| 204|0x000000070e400000, 0x000000070e400000, 0x000000070e500000|  0%| F|  |TAMS 0x000000070e400000, 0x000000070e400000| Untracked 
| 205|0x000000070e500000, 0x000000070e500000, 0x000000070e600000|  0%| F|  |TAMS 0x000000070e500000, 0x000000070e500000| Untracked 
| 206|0x000000070e600000, 0x000000070e680800, 0x000000070e700000| 50%| E|  |TAMS 0x000000070e600000, 0x000000070e600000| Complete 
| 207|0x000000070e700000, 0x000000070e800000, 0x000000070e800000|100%| E|CS|TAMS 0x000000070e700000, 0x000000070e700000| Complete 
| 208|0x000000070e800000, 0x000000070e900000, 0x000000070e900000|100%| E|CS|TAMS 0x000000070e800000, 0x000000070e800000| Complete 
| 209|0x000000070e900000, 0x000000070ea00000, 0x000000070ea00000|100%| E|CS|TAMS 0x000000070e900000, 0x000000070e900000| Complete 
| 210|0x000000070ea00000, 0x000000070eb00000, 0x000000070eb00000|100%| E|CS|TAMS 0x000000070ea00000, 0x000000070ea00000| Complete 
| 211|0x000000070eb00000, 0x000000070ec00000, 0x000000070ec00000|100%| E|CS|TAMS 0x000000070eb00000, 0x000000070eb00000| Complete 
| 212|0x000000070ec00000, 0x000000070ed00000, 0x000000070ed00000|100%| E|CS|TAMS 0x000000070ec00000, 0x000000070ec00000| Complete 
| 213|0x000000070ed00000, 0x000000070ee00000, 0x000000070ee00000|100%| E|CS|TAMS 0x000000070ed00000, 0x000000070ed00000| Complete 
| 214|0x000000070ee00000, 0x000000070ef00000, 0x000000070ef00000|100%| E|CS|TAMS 0x000000070ee00000, 0x000000070ee00000| Complete 
| 215|0x000000070ef00000, 0x000000070f000000, 0x000000070f000000|100%| E|CS|TAMS 0x000000070ef00000, 0x000000070ef00000| Complete 
| 216|0x000000070f000000, 0x000000070f100000, 0x000000070f100000|100%| E|CS|TAMS 0x000000070f000000, 0x000000070f000000| Complete 
| 217|0x000000070f100000, 0x000000070f200000, 0x000000070f200000|100%| E|CS|TAMS 0x000000070f100000, 0x000000070f100000| Complete 
| 218|0x000000070f200000, 0x000000070f300000, 0x000000070f300000|100%| E|CS|TAMS 0x000000070f200000, 0x000000070f200000| Complete 
| 219|0x000000070f300000, 0x000000070f400000, 0x000000070f400000|100%| E|CS|TAMS 0x000000070f300000, 0x000000070f300000| Complete 
| 220|0x000000070f400000, 0x000000070f500000, 0x000000070f500000|100%| E|CS|TAMS 0x000000070f400000, 0x000000070f400000| Complete 
| 221|0x000000070f500000, 0x000000070f600000, 0x000000070f600000|100%| E|CS|TAMS 0x000000070f500000, 0x000000070f500000| Complete 
| 222|0x000000070f600000, 0x000000070f700000, 0x000000070f700000|100%| E|CS|TAMS 0x000000070f600000, 0x000000070f600000| Complete 
| 223|0x000000070f700000, 0x000000070f800000, 0x000000070f800000|100%| E|CS|TAMS 0x000000070f700000, 0x000000070f700000| Complete 
| 224|0x000000070f800000, 0x000000070f900000, 0x000000070f900000|100%| E|CS|TAMS 0x000000070f800000, 0x000000070f800000| Complete 
| 225|0x000000070f900000, 0x000000070fa00000, 0x000000070fa00000|100%| E|CS|TAMS 0x000000070f900000, 0x000000070f900000| Complete 
| 226|0x000000070fa00000, 0x000000070fb00000, 0x000000070fb00000|100%| E|CS|TAMS 0x000000070fa00000, 0x000000070fa00000| Complete 
| 227|0x000000070fb00000, 0x000000070fc00000, 0x000000070fc00000|100%| E|CS|TAMS 0x000000070fb00000, 0x000000070fb00000| Complete 
| 228|0x000000070fc00000, 0x000000070fd00000, 0x000000070fd00000|100%| E|CS|TAMS 0x000000070fc00000, 0x000000070fc00000| Complete 
| 229|0x000000070fd00000, 0x000000070fe00000, 0x000000070fe00000|100%| E|CS|TAMS 0x000000070fd00000, 0x000000070fd00000| Complete 
| 230|0x000000070fe00000, 0x000000070ff00000, 0x000000070ff00000|100%| E|CS|TAMS 0x000000070fe00000, 0x000000070fe00000| Complete 
| 231|0x000000070ff00000, 0x0000000710000000, 0x0000000710000000|100%| E|CS|TAMS 0x000000070ff00000, 0x000000070ff00000| Complete 
| 232|0x0000000710000000, 0x0000000710100000, 0x0000000710100000|100%| E|CS|TAMS 0x0000000710000000, 0x0000000710000000| Complete 
| 233|0x0000000710100000, 0x0000000710200000, 0x0000000710200000|100%| E|CS|TAMS 0x0000000710100000, 0x0000000710100000| Complete 
| 234|0x0000000710200000, 0x0000000710300000, 0x0000000710300000|100%| E|CS|TAMS 0x0000000710200000, 0x0000000710200000| Complete 
| 235|0x0000000710300000, 0x0000000710400000, 0x0000000710400000|100%| E|CS|TAMS 0x0000000710300000, 0x0000000710300000| Complete 
| 236|0x0000000710400000, 0x0000000710500000, 0x0000000710500000|100%| E|CS|TAMS 0x0000000710400000, 0x0000000710400000| Complete 
| 237|0x0000000710500000, 0x0000000710600000, 0x0000000710600000|100%| E|CS|TAMS 0x0000000710500000, 0x0000000710500000| Complete 
| 238|0x0000000710600000, 0x0000000710700000, 0x0000000710700000|100%| E|CS|TAMS 0x0000000710600000, 0x0000000710600000| Complete 
| 239|0x0000000710700000, 0x0000000710800000, 0x0000000710800000|100%| E|CS|TAMS 0x0000000710700000, 0x0000000710700000| Complete 
| 240|0x0000000710800000, 0x00000007108325c0, 0x0000000710900000| 19%| S|CS|TAMS 0x0000000710800000, 0x0000000710800000| Complete 
| 241|0x0000000710900000, 0x0000000710a00000, 0x0000000710a00000|100%| S|CS|TAMS 0x0000000710900000, 0x0000000710900000| Complete 
| 242|0x0000000710a00000, 0x0000000710b00000, 0x0000000710b00000|100%| S|CS|TAMS 0x0000000710a00000, 0x0000000710a00000| Complete 
| 243|0x0000000710b00000, 0x0000000710c00000, 0x0000000710c00000|100%| E|CS|TAMS 0x0000000710b00000, 0x0000000710b00000| Complete 
| 244|0x0000000710c00000, 0x0000000710d00000, 0x0000000710d00000|100%| E|CS|TAMS 0x0000000710c00000, 0x0000000710c00000| Complete 
| 245|0x0000000710d00000, 0x0000000710e00000, 0x0000000710e00000|100%| E|CS|TAMS 0x0000000710d00000, 0x0000000710d00000| Complete 
| 246|0x0000000710e00000, 0x0000000710f00000, 0x0000000710f00000|100%| E|CS|TAMS 0x0000000710e00000, 0x0000000710e00000| Complete 
| 247|0x0000000710f00000, 0x0000000711000000, 0x0000000711000000|100%| E|CS|TAMS 0x0000000710f00000, 0x0000000710f00000| Complete 
| 248|0x0000000711000000, 0x0000000711100000, 0x0000000711100000|100%| E|CS|TAMS 0x0000000711000000, 0x0000000711000000| Complete 
| 249|0x0000000711100000, 0x0000000711200000, 0x0000000711200000|100%| E|CS|TAMS 0x0000000711100000, 0x0000000711100000| Complete 
| 250|0x0000000711200000, 0x0000000711300000, 0x0000000711300000|100%| E|CS|TAMS 0x0000000711200000, 0x0000000711200000| Complete 
| 251|0x0000000711300000, 0x0000000711400000, 0x0000000711400000|100%| E|CS|TAMS 0x0000000711300000, 0x0000000711300000| Complete 
| 252|0x0000000711400000, 0x0000000711500000, 0x0000000711500000|100%| E|CS|TAMS 0x0000000711400000, 0x0000000711400000| Complete 
| 253|0x0000000711500000, 0x0000000711600000, 0x0000000711600000|100%| E|CS|TAMS 0x0000000711500000, 0x0000000711500000| Complete 
| 254|0x0000000711600000, 0x0000000711700000, 0x0000000711700000|100%| E|CS|TAMS 0x0000000711600000, 0x0000000711600000| Complete 
| 255|0x0000000711700000, 0x0000000711800000, 0x0000000711800000|100%| E|CS|TAMS 0x0000000711700000, 0x0000000711700000| Complete 

Card table byte_map: [0x000001a5fc4b0000,0x000001a5fccb0000] _byte_map_base: 0x000001a5f8ca4000

Marking Bits (Prev, Next): (CMBitMap*) 0x000001a5e8ec7ba8, (CMBitMap*) 0x000001a5e8ec7be0
 Prev Bits: [0x000001a580000000, 0x000001a583fa0000)
 Next Bits: [0x000001a583fa0000, 0x000001a587f40000)

Polling page: 0x000001a5e6df0000

Metaspace:

Usage:
  Non-class:     38.96 MB capacity,    38.71 MB (>99%) used,   190.25 KB ( <1%) free+waste,    64.81 KB ( <1%) overhead. 
      Class:      5.40 MB capacity,     5.20 MB ( 96%) used,   181.27 KB (  3%) free+waste,    28.63 KB ( <1%) overhead. 
       Both:     44.36 MB capacity,    43.91 MB ( 99%) used,   371.52 KB ( <1%) free+waste,    93.44 KB ( <1%) overhead. 

Virtual space:
  Non-class space:       48.00 MB reserved,      39.00 MB ( 81%) committed 
      Class space:        1.00 GB reserved,       5.50 MB ( <1%) committed 
             Both:        1.05 GB reserved,      44.50 MB (  4%) committed 

Chunk freelists:
   Non-Class:  43.00 KB
       Class:  2.00 KB
        Both:  45.00 KB

MaxMetaspaceSize: 17179869184.00 GB
CompressedClassSpaceSize: 1.00 GB
Initial GC threshold: 20.80 MB
Current GC threshold: 58.75 MB
CDS: off

CodeHeap 'non-profiled nmethods': size=120000Kb used=1308Kb max_used=1308Kb free=118691Kb
 bounds [0x000001a5f4450000, 0x000001a5f46c0000, 0x000001a5fb980000]
CodeHeap 'profiled nmethods': size=120000Kb used=6622Kb max_used=6622Kb free=113377Kb
 bounds [0x000001a5ecf20000, 0x000001a5ed5a0000, 0x000001a5f4450000]
CodeHeap 'non-nmethods': size=5760Kb used=1264Kb max_used=1313Kb free=4495Kb
 bounds [0x000001a5ec980000, 0x000001a5ecbf0000, 0x000001a5ecf20000]
 total_blobs=3656 nmethods=3109 adapters=459
 compilation: enabled
              stopped_count=0, restarted_count=0
 full_count=0

Compilation events (20 events):
Event: 3.228 Thread 0x000001a588a4e000 3092       3       sun.invoke.util.BytecodeDescriptor::unparseMethod (66 bytes)
Event: 3.229 Thread 0x000001a588a4e000 nmethod 3092 0x000001a5ed580210 code [0x000001a5ed580480, 0x000001a5ed580d48]
Event: 3.233 Thread 0x000001a588a00800 nmethod 3058 0x000001a5f458fb90 code [0x000001a5f458fde0, 0x000001a5f4590fb8]
Event: 3.233 Thread 0x000001a588a00800 3087   !   4       jdk.internal.ref.PhantomCleanable::remove (60 bytes)
Event: 3.235 Thread 0x000001a588a4e000 3094       3       java.lang.invoke.TypeConvertingMethodAdapter::convertType (299 bytes)
Event: 3.240 Thread 0x000001a588a4e000 nmethod 3094 0x000001a5ed581110 code [0x000001a5ed581a20, 0x000001a5ed586948]
Event: 3.240 Thread 0x000001a588a4e000 3095   !   3       java.lang.invoke.MethodHandleNatives::linkMethodHandleConstant (50 bytes)
Event: 3.240 Thread 0x000001a588a4e000 nmethod 3095 0x000001a5ed588510 code [0x000001a5ed5886e0, 0x000001a5ed5888c8]
Event: 3.240 Thread 0x000001a588a00800 nmethod 3087 0x000001a5f4591e10 code [0x000001a5f4591fa0, 0x000001a5f45925d8]
Event: 3.240 Thread 0x000001a588a4e000 3096       3       java.lang.invoke.MethodHandles$Lookup::linkMethodHandleConstant (220 bytes)
Event: 3.240 Thread 0x000001a588a00800 3093       4       java.util.concurrent.ConcurrentHashMap::get (162 bytes)
Event: 3.242 Thread 0x000001a588a4e000 nmethod 3096 0x000001a5ed588a90 code [0x000001a5ed588e80, 0x000001a5ed58ab18]
Event: 3.243 Thread 0x000001a588a4e000 3100       3       java.lang.AbstractStringBuilder::append (33 bytes)
Event: 3.243 Thread 0x000001a588a4e000 nmethod 3100 0x000001a5ed58b390 code [0x000001a5ed58b560, 0x000001a5ed58b748]
Event: 3.245 Thread 0x000001a588a00800 nmethod 3093 0x000001a5f4593010 code [0x000001a5f45931c0, 0x000001a5f4593498]
Event: 3.247 Thread 0x000001a588a00800 3101       4       sun.net.util.URLUtil::urlNoFragString (114 bytes)
Event: 3.248 Thread 0x000001a588a4e000 3102       1       org.jetbrains.kotlin.com.intellij.psi.impl.source.SubstrateRef::getStub (2 bytes)
Event: 3.249 Thread 0x000001a588a4e000 nmethod 3102 0x000001a5f4593710 code [0x000001a5f45938c0, 0x000001a5f4593978]
Event: 3.249 Thread 0x000001a588a4e000 3103       3       kotlin.reflect.jvm.internal.pcollections.IntTree::rebalanced (449 bytes)
Event: 3.250 Thread 0x000001a588a4e000 nmethod 3103 0x000001a5ed58b890 code [0x000001a5ed58bb80, 0x000001a5ed58ca68]

GC Heap History (8 events):
Event: 0.633 GC heap before
{Heap before GC invocations=0 (full 0):
 garbage-first heap   total 262144K, used 28672K [0x0000000701800000, 0x0000000800000000)
  region size 1024K, 24 young (24576K), 0 survivors (0K)
 Metaspace       used 12150K, capacity 12286K, committed 12416K, reserved 1060864K
  class space    used 1081K, capacity 1113K, committed 1152K, reserved 1048576K
}
Event: 0.636 GC heap after
{Heap after GC invocations=1 (full 0):
 garbage-first heap   total 262144K, used 7463K [0x0000000701800000, 0x0000000800000000)
  region size 1024K, 3 young (3072K), 3 survivors (3072K)
 Metaspace       used 12150K, capacity 12286K, committed 12416K, reserved 1060864K
  class space    used 1081K, capacity 1113K, committed 1152K, reserved 1048576K
}
Event: 1.330 GC heap before
{Heap before GC invocations=1 (full 0):
 garbage-first heap   total 262144K, used 45351K [0x0000000701800000, 0x0000000800000000)
  region size 1024K, 41 young (41984K), 3 survivors (3072K)
 Metaspace       used 20988K, capacity 21188K, committed 21248K, reserved 1069056K
  class space    used 2221K, capacity 2303K, committed 2304K, reserved 1048576K
}
Event: 1.350 GC heap after
{Heap after GC invocations=2 (full 0):
 garbage-first heap   total 262144K, used 11116K [0x0000000701800000, 0x0000000800000000)
  region size 1024K, 7 young (7168K), 7 survivors (7168K)
 Metaspace       used 20988K, capacity 21188K, committed 21248K, reserved 1069056K
  class space    used 2221K, capacity 2303K, committed 2304K, reserved 1048576K
}
Event: 2.252 GC heap before
{Heap before GC invocations=3 (full 0):
 garbage-first heap   total 262144K, used 67436K [0x0000000701800000, 0x0000000800000000)
  region size 1024K, 56 young (57344K), 7 survivors (7168K)
 Metaspace       used 32748K, capacity 33159K, committed 33280K, reserved 1079296K
  class space    used 4062K, capacity 4242K, committed 4352K, reserved 1048576K
}
Event: 2.266 GC heap after
{Heap after GC invocations=4 (full 0):
 garbage-first heap   total 262144K, used 23207K [0x0000000701800000, 0x0000000800000000)
  region size 1024K, 7 young (7168K), 7 survivors (7168K)
 Metaspace       used 32748K, capacity 33159K, committed 33280K, reserved 1079296K
  class space    used 4062K, capacity 4242K, committed 4352K, reserved 1048576K
}
Event: 2.479 GC heap before
{Heap before GC invocations=4 (full 0):
 garbage-first heap   total 262144K, used 35495K [0x0000000701800000, 0x0000000800000000)
  region size 1024K, 20 young (20480K), 7 survivors (7168K)
 Metaspace       used 35378K, capacity 35762K, committed 35840K, reserved 1081344K
  class space    used 4344K, capacity 4534K, committed 4608K, reserved 1048576K
}
Event: 2.487 GC heap after
{Heap after GC invocations=5 (full 0):
 garbage-first heap   total 262144K, used 25537K [0x0000000701800000, 0x0000000800000000)
  region size 1024K, 3 young (3072K), 3 survivors (3072K)
 Metaspace       used 35378K, capacity 35762K, committed 35840K, reserved 1081344K
  class space    used 4344K, capacity 4534K, committed 4608K, reserved 1048576K
}

Deoptimization events (20 events):
Event: 3.059 Thread 0x000001a5e8e65000 Uncommon trap: trap_request=0xffffff4d fr.pc=0x000001a5f4489c48 relative=0x0000000000000ca8
Event: 3.059 Thread 0x000001a5e8e65000 Uncommon trap: reason=unstable_if action=reinterpret pc=0x000001a5f4489c48 method=java.lang.StringCoding.encodeUTF8(B[BZ)[B @ 2 c2
Event: 3.059 Thread 0x000001a5e8e65000 DEOPT PACKING pc=0x000001a5f4489c48 sp=0x0000009e2e0f5b70
Event: 3.059 Thread 0x000001a5e8e65000 DEOPT UNPACKING pc=0x000001a5ec9ca1af sp=0x0000009e2e0f5960 mode 2
Event: 3.059 Thread 0x000001a5e8e65000 Uncommon trap: trap_request=0xffffff4d fr.pc=0x000001a5f4534f54 relative=0x0000000000000594
Event: 3.059 Thread 0x000001a5e8e65000 Uncommon trap: reason=unstable_if action=reinterpret pc=0x000001a5f4534f54 method=sun.net.www.ParseUtil.firstEncodeIndex(Ljava/lang/String;)I @ 27 c2
Event: 3.059 Thread 0x000001a5e8e65000 DEOPT PACKING pc=0x000001a5f4534f54 sp=0x0000009e2e0f5c00
Event: 3.059 Thread 0x000001a5e8e65000 DEOPT UNPACKING pc=0x000001a5ec9ca1af sp=0x0000009e2e0f5ab8 mode 2
Event: 3.060 Thread 0x000001a5e8e65000 Uncommon trap: trap_request=0xffffff4d fr.pc=0x000001a5f44c1938 relative=0x0000000000000198
Event: 3.060 Thread 0x000001a5e8e65000 Uncommon trap: reason=unstable_if action=reinterpret pc=0x000001a5f44c1938 method=java.lang.String.indexOf(II)I @ 4 c2
Event: 3.060 Thread 0x000001a5e8e65000 DEOPT PACKING pc=0x000001a5f44c1938 sp=0x0000009e2e0f5920
Event: 3.060 Thread 0x000001a5e8e65000 DEOPT UNPACKING pc=0x000001a5ec9ca1af sp=0x0000009e2e0f58d0 mode 2
Event: 3.060 Thread 0x000001a5e8e65000 Uncommon trap: trap_request=0xffffff4d fr.pc=0x000001a5f450d744 relative=0x00000000000001a4
Event: 3.060 Thread 0x000001a5e8e65000 Uncommon trap: reason=unstable_if action=reinterpret pc=0x000001a5f450d744 method=java.lang.String.startsWith(Ljava/lang/String;I)Z @ 46 c2
Event: 3.060 Thread 0x000001a5e8e65000 DEOPT PACKING pc=0x000001a5f450d744 sp=0x0000009e2e0f5a20
Event: 3.060 Thread 0x000001a5e8e65000 DEOPT UNPACKING pc=0x000001a5ec9ca1af sp=0x0000009e2e0f5988 mode 2
Event: 3.060 Thread 0x000001a5e8e65000 Uncommon trap: trap_request=0xffffff4d fr.pc=0x000001a5f4570630 relative=0x0000000000000650
Event: 3.060 Thread 0x000001a5e8e65000 Uncommon trap: reason=unstable_if action=reinterpret pc=0x000001a5f4570630 method=java.lang.String.lastIndexOf(II)I @ 4 c2
Event: 3.060 Thread 0x000001a5e8e65000 DEOPT PACKING pc=0x000001a5f4570630 sp=0x0000009e2e0f5a90
Event: 3.060 Thread 0x000001a5e8e65000 DEOPT UNPACKING pc=0x000001a5ec9ca1af sp=0x0000009e2e0f5980 mode 2

Classes redefined (0 events):
No events

Internal exceptions (20 events):
Event: 1.320 Thread 0x000001a5e8e65000 Exception <a 'java/lang/NoSuchMethodError'{0x000000070f0f1fd8}: 'long java.lang.invoke.DirectMethodHandle$Holder.invokeStatic(java.lang.Object)'> (0x000000070f0f1fd8) thrown at [src/hotspot/share/interpreter/linkResolver.cpp, line 773]
Event: 1.321 Thread 0x000001a5e8e65000 Exception <a 'java/lang/NoSuchMethodError'{0x000000070f0f4e30}: 'long java.lang.invoke.DirectMethodHandle$Holder.invokeStaticInit(java.lang.Object)'> (0x000000070f0f4e30) thrown at [src/hotspot/share/interpreter/linkResolver.cpp, line 773]
Event: 1.373 Thread 0x000001a5e8e65000 Exception <a 'java/lang/NoSuchMethodError'{0x00000007117f02f8}: 'int java.lang.invoke.DirectMethodHandle$Holder.invokeSpecialIFC(java.lang.Object, java.lang.Object, int)'> (0x00000007117f02f8) thrown at [src/hotspot/share/interpreter/linkResolver.cpp, line 773]
Event: 1.410 Thread 0x000001a5e8e65000 Exception <a 'java/lang/NoSuchMethodError'{0x00000007113315c0}: 'int java.lang.invoke.DirectMethodHandle$Holder.invokeStaticInit(java.lang.Object, java.lang.Object, java.lang.Object)'> (0x00000007113315c0) thrown at [src/hotspot/share/interpreter/linkResolver.cpp, line 773]
Event: 1.415 Thread 0x000001a5e8e65000 Exception <a 'java/lang/NoSuchMethodError'{0x000000071135d180}: 'int java.lang.invoke.DirectMethodHandle$Holder.invokeStaticInit(java.lang.Object, java.lang.Object)'> (0x000000071135d180) thrown at [src/hotspot/share/interpreter/linkResolver.cpp, line 773]
Event: 1.461 Thread 0x000001a5e8e65000 Exception <a 'java/lang/NoSuchMethodError'{0x0000000711171b60}: 'void java.lang.invoke.DirectMethodHandle$Holder.invokeSpecial(java.lang.Object, java.lang.Object)'> (0x0000000711171b60) thrown at [src/hotspot/share/interpreter/linkResolver.cpp, line 773]
Event: 1.631 Thread 0x000001a5e8e65000 Exception <a 'java/lang/NoSuchMethodError'{0x0000000710827c68}: 'java.lang.Object java.lang.invoke.DirectMethodHandle$Holder.invokeStatic(java.lang.Object, java.lang.Object, java.lang.Object, java.lang.Object, java.lang.Object, java.lang.Object, java.lang.Object, java.lang.Object, java.lang.Object, java.lang.Object, java.lang.Object, java.lang.Object, java.lang.Object, java.lang.Object, java.lang.Object)'> (0x0000000710827c68) thrown at [src/hotspot/share/interpreter/linkResolver.cpp, line 773]
Event: 1.632 Thread 0x000001a5e8e65000 Exception <a 'java/lang/NoSuchMethodError'{0x0000000710835c70}: 'java.lang.Object java.lang.invoke.DirectMethodHandle$Holder.invokeStatic(java.lang.Object, java.lang.Object, java.lang.Object, java.lang.Object, java.lang.Object, java.lang.Object, java.lang.Object, java.lang.Object, java.lang.Object, java.lang.Object, java.lang.Object, java.lang.Object, java.lang.Object, java.lang.Object, java.lang.Object, java.lang.Object)'> (0x0000000710835c70) thrown at [src/hotspot/share/interpreter/linkResolver.cpp, lin
Event: 1.633 Thread 0x000001a5e8e65000 Exception <a 'java/lang/NoSuchMethodError'{0x0000000710843b88}: 'java.lang.Object java.lang.invoke.DirectMethodHandle$Holder.invokeSpecial(java.lang.Object, java.lang.Object, int, int, java.lang.Object, java.lang.Object, java.lang.Object)'> (0x0000000710843b88) thrown at [src/hotspot/share/interpreter/linkResolver.cpp, line 773]
Event: 1.634 Thread 0x000001a5e8e65000 Exception <a 'java/lang/NoSuchMethodError'{0x00000007108473c0}: 'java.lang.Object java.lang.invoke.DelegatingMethodHandle$Holder.reinvoke_L(java.lang.Object, int, int, java.lang.Object, java.lang.Object, java.lang.Object)'> (0x00000007108473c0) thrown at [src/hotspot/share/interpreter/linkResolver.cpp, line 773]
Event: 1.634 Thread 0x000001a5e8e65000 Exception <a 'java/lang/NoSuchMethodError'{0x000000071084b748}: 'java.lang.Object java.lang.invoke.DirectMethodHandle$Holder.invokeStatic(java.lang.Object, java.lang.Object, java.lang.Object, java.lang.Object, int)'> (0x000000071084b748) thrown at [src/hotspot/share/interpreter/linkResolver.cpp, line 773]
Event: 1.670 Thread 0x000001a5e8e65000 Exception <a 'java/lang/NoSuchMethodError'{0x0000000710770ba0}: 'void java.lang.invoke.DirectMethodHandle$Holder.invokeStatic(java.lang.Object, java.lang.Object, java.lang.Object, java.lang.Object)'> (0x0000000710770ba0) thrown at [src/hotspot/share/interpreter/linkResolver.cpp, line 773]
Event: 1.726 Thread 0x000001a5e8e65000 Exception <a 'java/lang/NoSuchMethodError'{0x000000071035f970}: 'void java.lang.invoke.DirectMethodHandle$Holder.invokeStaticInit(java.lang.Object, java.lang.Object)'> (0x000000071035f970) thrown at [src/hotspot/share/interpreter/linkResolver.cpp, line 773]
Event: 1.799 Thread 0x000001a5e8e65000 Exception <a 'java/lang/NoSuchMethodError'{0x000000070ffa3ef8}: 'void java.lang.invoke.DirectMethodHandle$Holder.invokeVirtual(java.lang.Object, java.lang.Object)'> (0x000000070ffa3ef8) thrown at [src/hotspot/share/interpreter/linkResolver.cpp, line 773]
Event: 1.812 Thread 0x000001a5e8e65000 Exception <a 'java/lang/NoSuchMethodError'{0x000000070fe6ec90}: 'int java.lang.invoke.DirectMethodHandle$Holder.invokeVirtual(java.lang.Object, java.lang.Object)'> (0x000000070fe6ec90) thrown at [src/hotspot/share/interpreter/linkResolver.cpp, line 773]
Event: 2.475 Thread 0x000001a5e8e65000 Exception <a 'java/lang/NoSuchMethodError'{0x0000000710bb6168}: 'java.lang.Object java.lang.invoke.DirectMethodHandle$Holder.invokeVirtual(java.lang.Object, java.lang.Object, java.lang.Object)'> (0x0000000710bb6168) thrown at [src/hotspot/share/interpreter/linkResolver.cpp, line 773]
Event: 3.160 Thread 0x000001a5e8e65000 Exception <a 'java/lang/NoSuchMethodError'{0x000000070eb8b100}: 'java.lang.Object java.lang.invoke.Invokers$Holder.linkToTargetMethod(java.lang.Object, int, java.lang.Object)'> (0x000000070eb8b100) thrown at [src/hotspot/share/interpreter/linkResolver.cpp, line 773]
Event: 3.242 Thread 0x000001a5e8e65000 Exception <a 'java/lang/NoSuchMethodError'{0x000000070e947b18}: 'java.lang.Object java.lang.invoke.DirectMethodHandle$Holder.invokeStatic(java.lang.Object, java.lang.Object, java.lang.Object, int)'> (0x000000070e947b18) thrown at [src/hotspot/share/interpreter/linkResolver.cpp, line 773]
Event: 3.243 Thread 0x000001a5e8e65000 Exception <a 'java/lang/NoSuchMethodError'{0x000000070e94b788}: 'java.lang.Object java.lang.invoke.DirectMethodHandle$Holder.invokeSpecial(java.lang.Object, java.lang.Object, java.lang.Object, java.lang.Object, int)'> (0x000000070e94b788) thrown at [src/hotspot/share/interpreter/linkResolver.cpp, line 773]
Event: 3.243 Thread 0x000001a5e8e65000 Exception <a 'java/lang/NoSuchMethodError'{0x000000070e94ea98}: 'java.lang.Object java.lang.invoke.Invokers$Holder.linkToTargetMethod(java.lang.Object, java.lang.Object, int, java.lang.Object)'> (0x000000070e94ea98) thrown at [src/hotspot/share/interpreter/linkResolver.cpp, line 773]

Events (20 events):
Event: 3.280 loading class org/jetbrains/kotlin/resolve/jvm/KotlinSafeClassFinder
Event: 3.280 loading class org/jetbrains/kotlin/resolve/jvm/KotlinSafeClassFinder done
Event: 3.280 loading class org/jetbrains/kotlin/com/intellij/psi/NonClasspathClassFinder
Event: 3.280 loading class org/jetbrains/kotlin/com/intellij/psi/NonClasspathClassFinder done
Event: 3.281 loading class org/jetbrains/kotlin/com/intellij/psi/PsiElementFinder
Event: 3.281 loading class org/jetbrains/kotlin/com/intellij/psi/PsiElementFinder done
Event: 3.281 loading class org/jetbrains/kotlin/com/intellij/psi/PsiElementFinder
Event: 3.281 loading class org/jetbrains/kotlin/com/intellij/psi/PsiElementFinder done
Event: 3.281 loading class kotlin/jvm/functions/Function1
Event: 3.281 loading class kotlin/jvm/functions/Function1 done
Event: 3.282 loading class kotlin/jvm/internal/Ref$BooleanRef
Event: 3.282 loading class kotlin/jvm/internal/Ref$BooleanRef done
Event: 3.282 loading class org/jetbrains/kotlin/cli/jvm/compiler/KotlinCliJavaFileManagerImplKt
Event: 3.282 loading class org/jetbrains/kotlin/cli/jvm/compiler/KotlinCliJavaFileManagerImplKt done
Event: 3.282 loading class org/jetbrains/kotlin/cli/jvm/compiler/KotlinCliJavaFileManagerImplKt$toSafeFqName$1
Event: 3.282 loading class org/jetbrains/kotlin/cli/jvm/compiler/KotlinCliJavaFileManagerImplKt$toSafeFqName$1 done
Event: 3.282 loading class org/jetbrains/kotlin/cli/jvm/compiler/KotlinCliJavaFileManagerImpl$findPackage$1
Event: 3.282 loading class org/jetbrains/kotlin/cli/jvm/compiler/KotlinCliJavaFileManagerImpl$findPackage$1 done
Event: 3.283 loading class org/jetbrains/kotlin/cli/jvm/index/JvmDependenciesIndex$DefaultImpls
Event: 3.283 loading class org/jetbrains/kotlin/cli/jvm/index/JvmDependenciesIndex$DefaultImpls done


Dynamic libraries:
0x00007ff7f53d0000 - 0x00007ff7f53da000 	C:\Program Files\Android\Android Studio\jbr\bin\java.exe
0x00007ff867480000 - 0x00007ff86766e000 	C:\Windows\SYSTEM32\ntdll.dll
0x00007ff864750000 - 0x00007ff864803000 	C:\Windows\System32\KERNEL32.DLL
0x00007ff8635c0000 - 0x00007ff86385c000 	C:\Windows\System32\KERNELBASE.dll
0x00007ff8644d0000 - 0x00007ff8645ca000 	C:\Windows\System32\ucrtbase.dll
0x00007ff848de0000 - 0x00007ff848df7000 	C:\Program Files\Android\Android Studio\jbr\bin\jli.dll
0x00007ff8440e0000 - 0x00007ff8440fb000 	C:\Program Files\Android\Android Studio\jbr\bin\VCRUNTIME140.dll
0x00007ff867000000 - 0x00007ff867198000 	C:\Windows\System32\USER32.dll
0x00007ff864460000 - 0x00007ff864480000 	C:\Windows\System32\win32u.dll
0x00007ff84eab0000 - 0x00007ff84ed29000 	C:\Windows\WinSxS\amd64_microsoft.windows.common-controls_6595b64144ccf1df_6.0.17763.4131_none_de70d21e534b9adf\COMCTL32.dll
0x00007ff866b90000 - 0x00007ff866bb9000 	C:\Windows\System32\GDI32.dll
0x00007ff8646b0000 - 0x00007ff86474e000 	C:\Windows\System32\msvcrt.dll
0x00007ff863a60000 - 0x00007ff863c00000 	C:\Windows\System32\gdi32full.dll
0x00007ff863520000 - 0x00007ff8635c0000 	C:\Windows\System32\msvcp_win.dll
0x00007ff864810000 - 0x00007ff864b3c000 	C:\Windows\System32\combase.dll
0x00007ff866c40000 - 0x00007ff866d5d000 	C:\Windows\System32\RPCRT4.dll
0x00007ff864620000 - 0x00007ff8646a2000 	C:\Windows\System32\bcryptPrimitives.dll
0x00007ff864f00000 - 0x00007ff864f2e000 	C:\Windows\System32\IMM32.DLL
0x00007ff82af30000 - 0x00007ff82afbd000 	C:\Program Files\Android\Android Studio\jbr\bin\msvcp140.dll
0x00007ff8546f0000 - 0x00007ff8546fc000 	C:\Windows\SYSTEM32\VCRUNTIME140_1.dll
0x00007ff813700000 - 0x00007ff8142bc000 	C:\Program Files\Android\Android Studio\jbr\bin\server\jvm.dll
0x00007ff866e20000 - 0x00007ff866ec7000 	C:\Windows\System32\ADVAPI32.dll
0x00007ff864cc0000 - 0x00007ff864d5f000 	C:\Windows\System32\sechost.dll
0x00007ff864b40000 - 0x00007ff864b48000 	C:\Windows\System32\PSAPI.DLL
0x00007ff851590000 - 0x00007ff851599000 	C:\Windows\SYSTEM32\WSOCK32.dll
0x00007ff866bc0000 - 0x00007ff866c2d000 	C:\Windows\System32\WS2_32.dll
0x00007ff860470000 - 0x00007ff860494000 	C:\Windows\SYSTEM32\WINMM.dll
0x00007ff85bfc0000 - 0x00007ff85bfca000 	C:\Windows\SYSTEM32\VERSION.dll
0x00007ff860420000 - 0x00007ff86044d000 	C:\Windows\SYSTEM32\WINMMBASE.dll
0x00007ff8645d0000 - 0x00007ff86461a000 	C:\Windows\System32\cfgmgr32.dll
0x00007ff8634b0000 - 0x00007ff8634c1000 	C:\Windows\System32\kernel.appcore.dll
0x00007ff85a9e0000 - 0x00007ff85a9f0000 	C:\Program Files\Android\Android Studio\jbr\bin\verify.dll
0x00007ff861c20000 - 0x00007ff861e0d000 	C:\Windows\SYSTEM32\DBGHELP.DLL
0x00007ff8510e0000 - 0x00007ff85110a000 	C:\Windows\SYSTEM32\dbgcore.DLL
0x00007ff85a9b0000 - 0x00007ff85a9d8000 	C:\Program Files\Android\Android Studio\jbr\bin\java.dll
0x00007ff85a980000 - 0x00007ff85a98a000 	C:\Program Files\Android\Android Studio\jbr\bin\jimage.dll
0x00007ff85a800000 - 0x00007ff85a818000 	C:\Program Files\Android\Android Studio\jbr\bin\zip.dll
0x00007ff864fb0000 - 0x00007ff8664a8000 	C:\Windows\System32\SHELL32.dll
0x00007ff866ae0000 - 0x00007ff866b87000 	C:\Windows\System32\shcore.dll
0x00007ff863cb0000 - 0x00007ff8643f9000 	C:\Windows\System32\windows.storage.dll
0x00007ff8634f0000 - 0x00007ff863513000 	C:\Windows\System32\profapi.dll
0x00007ff863450000 - 0x00007ff8634ad000 	C:\Windows\System32\powrprof.dll
0x00007ff867300000 - 0x00007ff867352000 	C:\Windows\System32\shlwapi.dll
0x00007ff8644b0000 - 0x00007ff8644cb000 	C:\Windows\System32\cryptsp.dll
0x00007ff85a7e0000 - 0x00007ff85a7f9000 	C:\Program Files\Android\Android Studio\jbr\bin\net.dll
0x00007ff859fd0000 - 0x00007ff85a0cf000 	C:\Windows\SYSTEM32\WINHTTP.dll
0x00007ff862c40000 - 0x00007ff862ca7000 	C:\Windows\system32\mswsock.dll
0x00007ff85a670000 - 0x00007ff85a683000 	C:\Program Files\Android\Android Studio\jbr\bin\nio.dll

dbghelp: loaded successfully - version: 4.0.5 - missing functions: none
symbol engine: initialized successfully - sym options: 0x614 - pdb path: .;C:\Program Files\Android\Android Studio\jbr\bin;C:\Windows\SYSTEM32;C:\Windows\WinSxS\amd64_microsoft.windows.common-controls_6595b64144ccf1df_6.0.17763.4131_none_de70d21e534b9adf;C:\Program Files\Android\Android Studio\jbr\bin\server

VM Arguments:
java_command: org.jetbrains.kotlin.cli.jvm.K2JVMCompiler @C:\Users\Ranialvz-PC\MyApplicationlayout06\app\build\20230423_13269936182709826644.compiler.options
java_class_path (initial): C:\Users\Ranialvz-PC\.gradle\caches\modules-2\files-2.1\org.jetbrains.kotlin\kotlin-compiler-embeddable\1.7.21\a36688d6a38ea94ac3fce84e198ea2cb6c6a8e88\kotlin-compiler-embeddable-1.7.21.jar;C:\Users\Ranialvz-PC\.gradle\caches\modules-2\files-2.1\org.jetbrains.kotlin\kotlin-reflect\1.7.21\ad6d09bc4db0eab1069112eea8ebea0be7be44f\kotlin-reflect-1.7.21.jar;C:\Users\Ranialvz-PC\.gradle\caches\modules-2\files-2.1\org.jetbrains.kotlin\kotlin-stdlib\1.7.21\1a2eaf898a0dda83037034b10a42053cf8a7caf8\kotlin-stdlib-1.7.21.jar;C:\Users\Ranialvz-PC\.gradle\caches\modules-2\files-2.1\org.jetbrains.kotlin\kotlin-script-runtime\1.7.21\b06d5c58297dccce2a0f69b0636804b0a73b3b9\kotlin-script-runtime-1.7.21.jar;C:\Users\Ranialvz-PC\.gradle\caches\modules-2\files-2.1\org.jetbrains.kotlin\kotlin-daemon-embeddable\1.7.21\b94818f660cc50f5d39f04b6396ac38e4d3a9eb7\kotlin-daemon-embeddable-1.7.21.jar;C:\Users\Ranialvz-PC\.gradle\caches\modules-2\files-2.1\org.jetbrains.intellij.deps\trove4j\1.0.20200330\3afb14d5f9ceb459d724e907a21145e8ff394f02\trove4j-1.0.20200330.jar;C:\Users\Ranialvz-PC\.gradle\caches\modules-2\files-2.1\net.java.dev.jna\jna\5.6.0\330f2244e9030119ab3030fc3fededc86713d9cc\jna-5.6.0.jar;C:\Users\Ranialvz-PC\.gradle\caches\modules-2\files-2.1\org.jetbrains.kotlin\kotlin-stdlib-common\1.7.21\cb02257de8e13e8498f8e2f69f742f2d438e794d\kotlin-stdlib-common-1.7.21.jar;C:\Users\Ranialvz-PC\.gradle\caches\modules-2\files-2.1\org.jetbrains\annotations\13.0\919f0dfe192fb4e063e7dacadee7f8bb9a2672a9\annotations-13.0.jar
Launcher Type: SUN_STANDARD

[Global flags]
     intx CICompilerCount                          = 4                                         {product} {ergonomic}
     uint ConcGCThreads                            = 2                                         {product} {ergonomic}
     uint G1ConcRefinementThreads                  = 8                                         {product} {ergonomic}
   size_t G1HeapRegionSize                         = 1048576                                   {product} {ergonomic}
    uintx GCDrainStackTargetSize                   = 64                                        {product} {ergonomic}
   size_t InitialHeapSize                          = 268435456                                 {product} {ergonomic}
   size_t MarkStackSize                            = 4194304                                   {product} {ergonomic}
   size_t MaxHeapSize                              = 4269801472                                {product} {ergonomic}
   size_t MaxNewSize                               = 2561671168                                {product} {ergonomic}
   size_t MinHeapDeltaBytes                        = 1048576                                   {product} {ergonomic}
    uintx NonNMethodCodeHeapSize                   = 5836300                                {pd product} {ergonomic}
    uintx NonProfiledCodeHeapSize                  = 122910970                              {pd product} {ergonomic}
    uintx ProfiledCodeHeapSize                     = 122910970                              {pd product} {ergonomic}
    uintx ReservedCodeCacheSize                    = 251658240                              {pd product} {ergonomic}
     bool SegmentedCodeCache                       = true                                      {product} {ergonomic}
     bool UseCompressedClassPointers               = true                                 {lp64_product} {ergonomic}
     bool UseCompressedOops                        = true                                 {lp64_product} {ergonomic}
     bool UseG1GC                                  = true                                      {product} {ergonomic}
     bool UseLargePagesIndividualAllocation        = false                                  {pd product} {ergonomic}

Logging:
Log output configuration:
 #0: stdout all=warning uptime,level,tags
 #1: stderr all=off uptime,level,tags

Environment Variables:
PATH=C:\Windows\system32;C:\Windows;C:\Windows\System32\Wbem;C:\Windows\System32\WindowsPowerShell\v1.0\;C:\Windows\System32\OpenSSH\;C:\Program Files\PuTTY\;I:\git\Git\cmd;C:\Program Files\dotnet\;C:\Users\Ranialvz-PC\AppData\Local\Programs\Python\Python311\Scripts\;C:\Users\Ranialvz-PC\AppData\Local\Programs\Python\Python311\;C:\Users\Ranialvz-PC\AppData\Local\Microsoft\WindowsApps;I:\intel\IntelliJ IDEA Community Edition 2022.3.2\bin;;C:\Users\Ranialvz-PC\AppData\Local\GitHubDesktop\bin
USERNAME=Ranialvz-PC
OS=Windows_NT
PROCESSOR_IDENTIFIER=Intel64 Family 6 Model 60 Stepping 3, GenuineIntel



---------------  S Y S T E M  ---------------

OS: Windows 10 , 64 bit Build 17763 (10.0.17763.4131)
OS uptime: 1 days 17:01 hours

CPU:total 8 (initial active 8) (4 cores per cpu, 2 threads per core) family 6 model 60 stepping 3 microcode 0x28, cmov, cx8, fxsr, mmx, sse, sse2, sse3, ssse3, sse4.1, sse4.2, popcnt, avx, avx2, aes, clmul, erms, lzcnt, ht, tsc, tscinvbit, bmi1, bmi2, fma

Memory: 4k page, system-wide physical 16284M (488M free)
TotalPageFile size 18332M (AvailPageFile size 0M)
current process WorkingSet (physical memory assigned to process): 226M, peak: 226M
current process commit charge ("private bytes"): 435M, peak: 435M

vm_info: OpenJDK 64-Bit Server VM (11.0.15+0-b2043.56-8887301) for windows-amd64 JRE (11.0.15+0-b2043.56-8887301), built on Jul 29 2022 23:19:47 by "builduser" with unknown MS VC++:1929

END.
