#
# There is insufficient memory for the Java Runtime Environment to continue.
# Native memory allocation (malloc) failed to allocate 1481296 bytes for Chunk::new
# Possible reasons:
#   The system is out of physical RAM or swap space
#   The process is running with CompressedOops enabled, and the Java Heap may be blocking the growth of the native heap
# Possible solutions:
#   Reduce memory load on the system
#   Increase physical memory or swap space
#   Check if swap backing store is full
#   Decrease Java heap size (-Xmx/-Xms)
#   Decrease number of Java threads
#   Decrease Java thread stack sizes (-Xss)
#   Set larger code cache with -XX:ReservedCodeCacheSize=
#   JVM is running with Zero Based Compressed Oops mode in which the Java heap is
#     placed in the first 32GB address space. The Java Heap base address is the
#     maximum limit for the native heap growth. Please use -XX:HeapBaseMinAddress
#     to set the Java Heap base and to place the Java Heap above 32GB virtual address.
# This output file may be truncated or incomplete.
#
#  Out of Memory Error (src/hotspot/share/memory/arena.cpp:197), pid=2164, tid=4928
#
# JRE version: OpenJDK Runtime Environment (11.0.15) (build 11.0.15+0-b2043.56-8887301)
# Java VM: OpenJDK 64-Bit Server VM (11.0.15+0-b2043.56-8887301, mixed mode, tiered, compressed oops, g1 gc, windows-amd64)
# No core dump will be written. Minidumps are not enabled by default on client versions of Windows
#

---------------  S U M M A R Y ------------

Command Line: org.jetbrains.kotlin.cli.jvm.K2JVMCompiler @C:\Users\Ranialvz-PC\MyApplicationlayout06\app\build\20230423_12861450325163504351.compiler.options

Host: Intel(R) Core(TM) i7-4790 CPU @ 3.60GHz, 8 cores, 15G,  Windows 10 , 64 bit Build 17763 (10.0.17763.4131)
Time: Sun Apr 23 10:48:18 2023 Taipei Standard Time elapsed time: 4.283838 seconds (0d 0h 0m 4s)

---------------  T H R E A D  ---------------

Current thread (0x0000013f2afa1000):  JavaThread "C2 CompilerThread2" daemon [_thread_in_native, id=4928, stack(0x0000003c11d00000,0x0000003c11e00000)]


Current CompileTask:
C2:   4283 3528   !   4       org.jetbrains.kotlin.metadata.ProtoBuf$Type::<init> (875 bytes)

Stack: [0x0000003c11d00000,0x0000003c11e00000]
Native frames: (J=compiled Java code, j=interpreted, Vv=VM code, C=native code)
V  [jvm.dll+0x64135a]
V  [jvm.dll+0x7d39f9]
V  [jvm.dll+0x7d51b9]
V  [jvm.dll+0x7d58a3]
V  [jvm.dll+0x2691c5]
V  [jvm.dll+0xc1a5c]
V  [jvm.dll+0xc200c]
V  [jvm.dll+0x377462]
V  [jvm.dll+0x342495]
V  [jvm.dll+0x34186a]
V  [jvm.dll+0x2214bd]
V  [jvm.dll+0x220498]
V  [jvm.dll+0x19e851]
V  [jvm.dll+0x230479]
V  [jvm.dll+0x22e5ef]
V  [jvm.dll+0x794de1]
V  [jvm.dll+0x78dc24]
V  [jvm.dll+0x6400f6]
C  [ucrtbase.dll+0x2268a]
C  [KERNEL32.DLL+0x17ab4]
C  [ntdll.dll+0x5a351]


---------------  P R O C E S S  ---------------

Threads class SMR info:
_java_thread_list=0x0000013f2cd88420, length=12, elements={
0x0000013f0939e000, 0x0000013f2a4dd800, 0x0000013f2a4d5000, 0x0000013f2ad97000,
0x0000013f2ad99000, 0x0000013f2ad9b000, 0x0000013f2ad9d800, 0x0000013f2adea800,
0x0000013f2adf4000, 0x0000013f2af5e800, 0x0000013f2af9d800, 0x0000013f2afa1000
}

Java Threads: ( => current thread )
  0x0000013f0939e000 JavaThread "main" [_thread_in_native, id=4316, stack(0x0000003c10b00000,0x0000003c10c00000)]
  0x0000013f2a4dd800 JavaThread "Reference Handler" daemon [_thread_blocked, id=11820, stack(0x0000003c11200000,0x0000003c11300000)]
  0x0000013f2a4d5000 JavaThread "Finalizer" daemon [_thread_blocked, id=12316, stack(0x0000003c11300000,0x0000003c11400000)]
  0x0000013f2ad97000 JavaThread "Signal Dispatcher" daemon [_thread_blocked, id=10612, stack(0x0000003c11400000,0x0000003c11500000)]
  0x0000013f2ad99000 JavaThread "Attach Listener" daemon [_thread_blocked, id=10232, stack(0x0000003c11500000,0x0000003c11600000)]
  0x0000013f2ad9b000 JavaThread "Service Thread" daemon [_thread_blocked, id=5944, stack(0x0000003c11600000,0x0000003c11700000)]
  0x0000013f2ad9d800 JavaThread "C2 CompilerThread0" daemon [_thread_in_native, id=2952, stack(0x0000003c11700000,0x0000003c11800000)]
  0x0000013f2adea800 JavaThread "C1 CompilerThread0" daemon [_thread_in_native, id=10336, stack(0x0000003c11800000,0x0000003c11900000)]
  0x0000013f2adf4000 JavaThread "Sweeper thread" daemon [_thread_blocked, id=11508, stack(0x0000003c11900000,0x0000003c11a00000)]
  0x0000013f2af5e800 JavaThread "Common-Cleaner" daemon [_thread_blocked, id=1324, stack(0x0000003c11b00000,0x0000003c11c00000)]
  0x0000013f2af9d800 JavaThread "C2 CompilerThread1" daemon [_thread_in_native, id=11428, stack(0x0000003c11c00000,0x0000003c11d00000)]
=>0x0000013f2afa1000 JavaThread "C2 CompilerThread2" daemon [_thread_in_native, id=4928, stack(0x0000003c11d00000,0x0000003c11e00000)]

Other Threads:
  0x0000013f2ad87800 VMThread "VM Thread" [stack: 0x0000003c11100000,0x0000003c11200000] [id=12988]
  0x0000013f2af59800 WatcherThread [stack: 0x0000003c11a00000,0x0000003c11b00000] [id=6884]
  0x0000013f0b3bd800 GCTaskThread "GC Thread#0" [stack: 0x0000003c10c00000,0x0000003c10d00000] [id=232]
  0x0000013f2b699800 GCTaskThread "GC Thread#1" [stack: 0x0000003c11e00000,0x0000003c11f00000] [id=11416]
  0x0000013f2b82d800 GCTaskThread "GC Thread#2" [stack: 0x0000003c11f00000,0x0000003c12000000] [id=2380]
  0x0000013f2b86a800 GCTaskThread "GC Thread#3" [stack: 0x0000003c12000000,0x0000003c12100000] [id=5516]
  0x0000013f2b86b000 GCTaskThread "GC Thread#4" [stack: 0x0000003c12100000,0x0000003c12200000] [id=3584]
  0x0000013f2b679000 GCTaskThread "GC Thread#5" [stack: 0x0000003c12200000,0x0000003c12300000] [id=8820]
  0x0000013f0b41b800 ConcurrentGCThread "G1 Main Marker" [stack: 0x0000003c10d00000,0x0000003c10e00000] [id=11184]
  0x0000013f0b41c800 ConcurrentGCThread "G1 Conc#0" [stack: 0x0000003c10e00000,0x0000003c10f00000] [id=9072]
  0x0000013f2c4b5000 ConcurrentGCThread "G1 Conc#1" [stack: 0x0000003c12300000,0x0000003c12400000] [id=6708]
  0x0000013f2a3b9000 ConcurrentGCThread "G1 Refine#0" [stack: 0x0000003c10f00000,0x0000003c11000000] [id=6440]
  0x0000013f2cd98000 ConcurrentGCThread "G1 Refine#1" [stack: 0x0000003c12400000,0x0000003c12500000] [id=2884]
  0x0000013f2a3bb000 ConcurrentGCThread "G1 Young RemSet Sampling" [stack: 0x0000003c11000000,0x0000003c11100000] [id=12436]

Threads with active compile tasks:
C2 CompilerThread0     4307 3540   !   4       org.jetbrains.kotlin.metadata.ProtoBuf$Function::<init> (1410 bytes)
C1 CompilerThread0     4307 3781       2       java.util.concurrent.TimeUnit::toNanos (45 bytes)
C2 CompilerThread1     4307 3258       4       jdk.internal.loader.BuiltinClassLoader::defineClass (121 bytes)
C2 CompilerThread2     4307 3528   !   4       org.jetbrains.kotlin.metadata.ProtoBuf$Type::<init> (875 bytes)

VM state:not at safepoint (normal execution)

VM Mutex/Monitor currently owned by a thread: None

Heap address: 0x0000000701800000, size: 4072 MB, Compressed Oops mode: Zero based, Oop shift amount: 3
Narrow klass base: 0x0000000800000000, Narrow klass shift: 0
Compressed class space size: 1073741824 Address: 0x0000000800000000

Heap:
 garbage-first heap   total 262144K, used 60183K [0x0000000701800000, 0x0000000800000000)
  region size 1024K, 36 young (36864K), 8 survivors (8192K)
 Metaspace       used 48988K, capacity 49474K, committed 49792K, reserved 1093632K
  class space    used 5724K, capacity 5923K, committed 6016K, reserved 1048576K
Heap Regions: E=young(eden), S=young(survivor), O=old, HS=humongous(starts), HC=humongous(continues), CS=collection set, F=free, A=archive, TAMS=top-at-mark-start (previous, next)
|   0|0x0000000701800000, 0x0000000701900000, 0x0000000701900000|100%|HS|  |TAMS 0x0000000701900000, 0x0000000701800000| Complete 
|   1|0x0000000701900000, 0x0000000701a00000, 0x0000000701a00000|100%|HC|  |TAMS 0x0000000701a00000, 0x0000000701900000| Complete 
|   2|0x0000000701a00000, 0x0000000701b00000, 0x0000000701b00000|100%|HC|  |TAMS 0x0000000701b00000, 0x0000000701a00000| Complete 
|   3|0x0000000701b00000, 0x0000000701c00000, 0x0000000701c00000|100%|HC|  |TAMS 0x0000000701c00000, 0x0000000701b00000| Complete 
|   4|0x0000000701c00000, 0x0000000701d00000, 0x0000000701d00000|100%| O|  |TAMS 0x0000000701d00000, 0x0000000701c00000| Untracked 
|   5|0x0000000701d00000, 0x0000000701e00000, 0x0000000701e00000|100%| O|  |TAMS 0x0000000701e00000, 0x0000000701d00000| Untracked 
|   6|0x0000000701e00000, 0x0000000701f00000, 0x0000000701f00000|100%|HS|  |TAMS 0x0000000701f00000, 0x0000000701e00000| Complete 
|   7|0x0000000701f00000, 0x0000000702000000, 0x0000000702000000|100%|HC|  |TAMS 0x0000000702000000, 0x0000000701f00000| Complete 
|   8|0x0000000702000000, 0x0000000702100000, 0x0000000702100000|100%|HC|  |TAMS 0x0000000702100000, 0x0000000702000000| Complete 
|   9|0x0000000702100000, 0x0000000702200000, 0x0000000702200000|100%|HC|  |TAMS 0x0000000702200000, 0x0000000702100000| Complete 
|  10|0x0000000702200000, 0x0000000702300000, 0x0000000702300000|100%|HS|  |TAMS 0x0000000702200000, 0x0000000702200000| Complete 
|  11|0x0000000702300000, 0x0000000702300000, 0x0000000702400000|  0%| F|  |TAMS 0x0000000702300000, 0x0000000702300000| Untracked 
|  12|0x0000000702400000, 0x0000000702500000, 0x0000000702500000|100%| O|  |TAMS 0x0000000702500000, 0x0000000702400000| Untracked 
|  13|0x0000000702500000, 0x0000000702600000, 0x0000000702600000|100%| O|  |TAMS 0x0000000702600000, 0x0000000702500000| Untracked 
|  14|0x0000000702600000, 0x0000000702700000, 0x0000000702700000|100%| O|  |TAMS 0x0000000702700000, 0x0000000702600000| Untracked 
|  15|0x0000000702700000, 0x0000000702800000, 0x0000000702800000|100%| O|  |TAMS 0x0000000702800000, 0x0000000702700000| Untracked 
|  16|0x0000000702800000, 0x0000000702900000, 0x0000000702900000|100%| O|  |TAMS 0x0000000702900000, 0x0000000702800000| Untracked 
|  17|0x0000000702900000, 0x0000000702a00000, 0x0000000702a00000|100%| O|  |TAMS 0x0000000702a00000, 0x0000000702900000| Untracked 
|  18|0x0000000702a00000, 0x0000000702b00000, 0x0000000702b00000|100%| O|  |TAMS 0x0000000702b00000, 0x0000000702a00000| Untracked 
|  19|0x0000000702b00000, 0x0000000702c00000, 0x0000000702c00000|100%| O|  |TAMS 0x0000000702c00000, 0x0000000702b00000| Untracked 
|  20|0x0000000702c00000, 0x0000000702d00000, 0x0000000702d00000|100%| O|  |TAMS 0x0000000702d00000, 0x0000000702c00000| Untracked 
|  21|0x0000000702d00000, 0x0000000702e00000, 0x0000000702e00000|100%| O|  |TAMS 0x0000000702e00000, 0x0000000702d00000| Untracked 
|  22|0x0000000702e00000, 0x0000000702ed2a00, 0x0000000702f00000| 82%| O|  |TAMS 0x0000000702ed2a00, 0x0000000702e00000| Untracked 
|  23|0x0000000702f00000, 0x0000000703000000, 0x0000000703000000|100%|HS|  |TAMS 0x0000000702f00000, 0x0000000702f00000| Complete 
|  24|0x0000000703000000, 0x0000000703100000, 0x0000000703100000|100%|HC|  |TAMS 0x0000000703000000, 0x0000000703000000| Complete 
|  25|0x0000000703100000, 0x0000000703100000, 0x0000000703200000|  0%| F|  |TAMS 0x0000000703100000, 0x0000000703100000| Untracked 
|  26|0x0000000703200000, 0x0000000703200000, 0x0000000703300000|  0%| F|  |TAMS 0x0000000703200000, 0x0000000703200000| Untracked 
|  27|0x0000000703300000, 0x0000000703300000, 0x0000000703400000|  0%| F|  |TAMS 0x0000000703300000, 0x0000000703300000| Untracked 
|  28|0x0000000703400000, 0x0000000703400000, 0x0000000703500000|  0%| F|  |TAMS 0x0000000703400000, 0x0000000703400000| Untracked 
|  29|0x0000000703500000, 0x0000000703500000, 0x0000000703600000|  0%| F|  |TAMS 0x0000000703500000, 0x0000000703500000| Untracked 
|  30|0x0000000703600000, 0x0000000703600000, 0x0000000703700000|  0%| F|  |TAMS 0x0000000703600000, 0x0000000703600000| Untracked 
|  31|0x0000000703700000, 0x0000000703700000, 0x0000000703800000|  0%| F|  |TAMS 0x0000000703700000, 0x0000000703700000| Untracked 
|  32|0x0000000703800000, 0x0000000703800000, 0x0000000703900000|  0%| F|  |TAMS 0x0000000703800000, 0x0000000703800000| Untracked 
|  33|0x0000000703900000, 0x0000000703900000, 0x0000000703a00000|  0%| F|  |TAMS 0x0000000703900000, 0x0000000703900000| Untracked 
|  34|0x0000000703a00000, 0x0000000703a00000, 0x0000000703b00000|  0%| F|  |TAMS 0x0000000703a00000, 0x0000000703a00000| Untracked 
|  35|0x0000000703b00000, 0x0000000703b00000, 0x0000000703c00000|  0%| F|  |TAMS 0x0000000703b00000, 0x0000000703b00000| Untracked 
|  36|0x0000000703c00000, 0x0000000703c00000, 0x0000000703d00000|  0%| F|  |TAMS 0x0000000703c00000, 0x0000000703c00000| Untracked 
|  37|0x0000000703d00000, 0x0000000703d00000, 0x0000000703e00000|  0%| F|  |TAMS 0x0000000703d00000, 0x0000000703d00000| Untracked 
|  38|0x0000000703e00000, 0x0000000703e00000, 0x0000000703f00000|  0%| F|  |TAMS 0x0000000703e00000, 0x0000000703e00000| Untracked 
|  39|0x0000000703f00000, 0x0000000703f00000, 0x0000000704000000|  0%| F|  |TAMS 0x0000000703f00000, 0x0000000703f00000| Untracked 
|  40|0x0000000704000000, 0x0000000704000000, 0x0000000704100000|  0%| F|  |TAMS 0x0000000704000000, 0x0000000704000000| Untracked 
|  41|0x0000000704100000, 0x0000000704100000, 0x0000000704200000|  0%| F|  |TAMS 0x0000000704100000, 0x0000000704100000| Untracked 
|  42|0x0000000704200000, 0x0000000704200000, 0x0000000704300000|  0%| F|  |TAMS 0x0000000704200000, 0x0000000704200000| Untracked 
|  43|0x0000000704300000, 0x0000000704300000, 0x0000000704400000|  0%| F|  |TAMS 0x0000000704300000, 0x0000000704300000| Untracked 
|  44|0x0000000704400000, 0x0000000704400000, 0x0000000704500000|  0%| F|  |TAMS 0x0000000704400000, 0x0000000704400000| Untracked 
|  45|0x0000000704500000, 0x0000000704500000, 0x0000000704600000|  0%| F|  |TAMS 0x0000000704500000, 0x0000000704500000| Untracked 
|  46|0x0000000704600000, 0x0000000704600000, 0x0000000704700000|  0%| F|  |TAMS 0x0000000704600000, 0x0000000704600000| Untracked 
|  47|0x0000000704700000, 0x0000000704700000, 0x0000000704800000|  0%| F|  |TAMS 0x0000000704700000, 0x0000000704700000| Untracked 
|  48|0x0000000704800000, 0x0000000704800000, 0x0000000704900000|  0%| F|  |TAMS 0x0000000704800000, 0x0000000704800000| Untracked 
|  49|0x0000000704900000, 0x0000000704900000, 0x0000000704a00000|  0%| F|  |TAMS 0x0000000704900000, 0x0000000704900000| Untracked 
|  50|0x0000000704a00000, 0x0000000704a00000, 0x0000000704b00000|  0%| F|  |TAMS 0x0000000704a00000, 0x0000000704a00000| Untracked 
|  51|0x0000000704b00000, 0x0000000704b00000, 0x0000000704c00000|  0%| F|  |TAMS 0x0000000704b00000, 0x0000000704b00000| Untracked 
|  52|0x0000000704c00000, 0x0000000704c00000, 0x0000000704d00000|  0%| F|  |TAMS 0x0000000704c00000, 0x0000000704c00000| Untracked 
|  53|0x0000000704d00000, 0x0000000704d00000, 0x0000000704e00000|  0%| F|  |TAMS 0x0000000704d00000, 0x0000000704d00000| Untracked 
|  54|0x0000000704e00000, 0x0000000704e00000, 0x0000000704f00000|  0%| F|  |TAMS 0x0000000704e00000, 0x0000000704e00000| Untracked 
|  55|0x0000000704f00000, 0x0000000704f00000, 0x0000000705000000|  0%| F|  |TAMS 0x0000000704f00000, 0x0000000704f00000| Untracked 
|  56|0x0000000705000000, 0x0000000705000000, 0x0000000705100000|  0%| F|  |TAMS 0x0000000705000000, 0x0000000705000000| Untracked 
|  57|0x0000000705100000, 0x0000000705100000, 0x0000000705200000|  0%| F|  |TAMS 0x0000000705100000, 0x0000000705100000| Untracked 
|  58|0x0000000705200000, 0x0000000705200000, 0x0000000705300000|  0%| F|  |TAMS 0x0000000705200000, 0x0000000705200000| Untracked 
|  59|0x0000000705300000, 0x0000000705300000, 0x0000000705400000|  0%| F|  |TAMS 0x0000000705300000, 0x0000000705300000| Untracked 
|  60|0x0000000705400000, 0x0000000705400000, 0x0000000705500000|  0%| F|  |TAMS 0x0000000705400000, 0x0000000705400000| Untracked 
|  61|0x0000000705500000, 0x0000000705500000, 0x0000000705600000|  0%| F|  |TAMS 0x0000000705500000, 0x0000000705500000| Untracked 
|  62|0x0000000705600000, 0x0000000705600000, 0x0000000705700000|  0%| F|  |TAMS 0x0000000705600000, 0x0000000705600000| Untracked 
|  63|0x0000000705700000, 0x0000000705700000, 0x0000000705800000|  0%| F|  |TAMS 0x0000000705700000, 0x0000000705700000| Untracked 
|  64|0x0000000705800000, 0x0000000705800000, 0x0000000705900000|  0%| F|  |TAMS 0x0000000705800000, 0x0000000705800000| Untracked 
|  65|0x0000000705900000, 0x0000000705900000, 0x0000000705a00000|  0%| F|  |TAMS 0x0000000705900000, 0x0000000705900000| Untracked 
|  66|0x0000000705a00000, 0x0000000705a00000, 0x0000000705b00000|  0%| F|  |TAMS 0x0000000705a00000, 0x0000000705a00000| Untracked 
|  67|0x0000000705b00000, 0x0000000705b00000, 0x0000000705c00000|  0%| F|  |TAMS 0x0000000705b00000, 0x0000000705b00000| Untracked 
|  68|0x0000000705c00000, 0x0000000705c00000, 0x0000000705d00000|  0%| F|  |TAMS 0x0000000705c00000, 0x0000000705c00000| Untracked 
|  69|0x0000000705d00000, 0x0000000705d00000, 0x0000000705e00000|  0%| F|  |TAMS 0x0000000705d00000, 0x0000000705d00000| Untracked 
|  70|0x0000000705e00000, 0x0000000705e00000, 0x0000000705f00000|  0%| F|  |TAMS 0x0000000705e00000, 0x0000000705e00000| Untracked 
|  71|0x0000000705f00000, 0x0000000705f00000, 0x0000000706000000|  0%| F|  |TAMS 0x0000000705f00000, 0x0000000705f00000| Untracked 
|  72|0x0000000706000000, 0x0000000706000000, 0x0000000706100000|  0%| F|  |TAMS 0x0000000706000000, 0x0000000706000000| Untracked 
|  73|0x0000000706100000, 0x0000000706100000, 0x0000000706200000|  0%| F|  |TAMS 0x0000000706100000, 0x0000000706100000| Untracked 
|  74|0x0000000706200000, 0x0000000706200000, 0x0000000706300000|  0%| F|  |TAMS 0x0000000706200000, 0x0000000706200000| Untracked 
|  75|0x0000000706300000, 0x0000000706300000, 0x0000000706400000|  0%| F|  |TAMS 0x0000000706300000, 0x0000000706300000| Untracked 
|  76|0x0000000706400000, 0x0000000706400000, 0x0000000706500000|  0%| F|  |TAMS 0x0000000706400000, 0x0000000706400000| Untracked 
|  77|0x0000000706500000, 0x0000000706500000, 0x0000000706600000|  0%| F|  |TAMS 0x0000000706500000, 0x0000000706500000| Untracked 
|  78|0x0000000706600000, 0x0000000706600000, 0x0000000706700000|  0%| F|  |TAMS 0x0000000706600000, 0x0000000706600000| Untracked 
|  79|0x0000000706700000, 0x0000000706700000, 0x0000000706800000|  0%| F|  |TAMS 0x0000000706700000, 0x0000000706700000| Untracked 
|  80|0x0000000706800000, 0x0000000706800000, 0x0000000706900000|  0%| F|  |TAMS 0x0000000706800000, 0x0000000706800000| Untracked 
|  81|0x0000000706900000, 0x0000000706900000, 0x0000000706a00000|  0%| F|  |TAMS 0x0000000706900000, 0x0000000706900000| Untracked 
|  82|0x0000000706a00000, 0x0000000706a00000, 0x0000000706b00000|  0%| F|  |TAMS 0x0000000706a00000, 0x0000000706a00000| Untracked 
|  83|0x0000000706b00000, 0x0000000706b00000, 0x0000000706c00000|  0%| F|  |TAMS 0x0000000706b00000, 0x0000000706b00000| Untracked 
|  84|0x0000000706c00000, 0x0000000706c00000, 0x0000000706d00000|  0%| F|  |TAMS 0x0000000706c00000, 0x0000000706c00000| Untracked 
|  85|0x0000000706d00000, 0x0000000706d00000, 0x0000000706e00000|  0%| F|  |TAMS 0x0000000706d00000, 0x0000000706d00000| Untracked 
|  86|0x0000000706e00000, 0x0000000706e00000, 0x0000000706f00000|  0%| F|  |TAMS 0x0000000706e00000, 0x0000000706e00000| Untracked 
|  87|0x0000000706f00000, 0x0000000706f00000, 0x0000000707000000|  0%| F|  |TAMS 0x0000000706f00000, 0x0000000706f00000| Untracked 
|  88|0x0000000707000000, 0x0000000707000000, 0x0000000707100000|  0%| F|  |TAMS 0x0000000707000000, 0x0000000707000000| Untracked 
|  89|0x0000000707100000, 0x0000000707100000, 0x0000000707200000|  0%| F|  |TAMS 0x0000000707100000, 0x0000000707100000| Untracked 
|  90|0x0000000707200000, 0x0000000707200000, 0x0000000707300000|  0%| F|  |TAMS 0x0000000707200000, 0x0000000707200000| Untracked 
|  91|0x0000000707300000, 0x0000000707300000, 0x0000000707400000|  0%| F|  |TAMS 0x0000000707300000, 0x0000000707300000| Untracked 
|  92|0x0000000707400000, 0x0000000707400000, 0x0000000707500000|  0%| F|  |TAMS 0x0000000707400000, 0x0000000707400000| Untracked 
|  93|0x0000000707500000, 0x0000000707500000, 0x0000000707600000|  0%| F|  |TAMS 0x0000000707500000, 0x0000000707500000| Untracked 
|  94|0x0000000707600000, 0x0000000707600000, 0x0000000707700000|  0%| F|  |TAMS 0x0000000707600000, 0x0000000707600000| Untracked 
|  95|0x0000000707700000, 0x0000000707700000, 0x0000000707800000|  0%| F|  |TAMS 0x0000000707700000, 0x0000000707700000| Untracked 
|  96|0x0000000707800000, 0x0000000707800000, 0x0000000707900000|  0%| F|  |TAMS 0x0000000707800000, 0x0000000707800000| Untracked 
|  97|0x0000000707900000, 0x0000000707900000, 0x0000000707a00000|  0%| F|  |TAMS 0x0000000707900000, 0x0000000707900000| Untracked 
|  98|0x0000000707a00000, 0x0000000707a00000, 0x0000000707b00000|  0%| F|  |TAMS 0x0000000707a00000, 0x0000000707a00000| Untracked 
|  99|0x0000000707b00000, 0x0000000707b00000, 0x0000000707c00000|  0%| F|  |TAMS 0x0000000707b00000, 0x0000000707b00000| Untracked 
| 100|0x0000000707c00000, 0x0000000707c00000, 0x0000000707d00000|  0%| F|  |TAMS 0x0000000707c00000, 0x0000000707c00000| Untracked 
| 101|0x0000000707d00000, 0x0000000707d00000, 0x0000000707e00000|  0%| F|  |TAMS 0x0000000707d00000, 0x0000000707d00000| Untracked 
| 102|0x0000000707e00000, 0x0000000707e00000, 0x0000000707f00000|  0%| F|  |TAMS 0x0000000707e00000, 0x0000000707e00000| Untracked 
| 103|0x0000000707f00000, 0x0000000707f00000, 0x0000000708000000|  0%| F|  |TAMS 0x0000000707f00000, 0x0000000707f00000| Untracked 
| 104|0x0000000708000000, 0x0000000708000000, 0x0000000708100000|  0%| F|  |TAMS 0x0000000708000000, 0x0000000708000000| Untracked 
| 105|0x0000000708100000, 0x0000000708100000, 0x0000000708200000|  0%| F|  |TAMS 0x0000000708100000, 0x0000000708100000| Untracked 
| 106|0x0000000708200000, 0x0000000708200000, 0x0000000708300000|  0%| F|  |TAMS 0x0000000708200000, 0x0000000708200000| Untracked 
| 107|0x0000000708300000, 0x0000000708300000, 0x0000000708400000|  0%| F|  |TAMS 0x0000000708300000, 0x0000000708300000| Untracked 
| 108|0x0000000708400000, 0x0000000708400000, 0x0000000708500000|  0%| F|  |TAMS 0x0000000708400000, 0x0000000708400000| Untracked 
| 109|0x0000000708500000, 0x0000000708500000, 0x0000000708600000|  0%| F|  |TAMS 0x0000000708500000, 0x0000000708500000| Untracked 
| 110|0x0000000708600000, 0x0000000708600000, 0x0000000708700000|  0%| F|  |TAMS 0x0000000708600000, 0x0000000708600000| Untracked 
| 111|0x0000000708700000, 0x0000000708700000, 0x0000000708800000|  0%| F|  |TAMS 0x0000000708700000, 0x0000000708700000| Untracked 
| 112|0x0000000708800000, 0x0000000708800000, 0x0000000708900000|  0%| F|  |TAMS 0x0000000708800000, 0x0000000708800000| Untracked 
| 113|0x0000000708900000, 0x0000000708900000, 0x0000000708a00000|  0%| F|  |TAMS 0x0000000708900000, 0x0000000708900000| Untracked 
| 114|0x0000000708a00000, 0x0000000708a00000, 0x0000000708b00000|  0%| F|  |TAMS 0x0000000708a00000, 0x0000000708a00000| Untracked 
| 115|0x0000000708b00000, 0x0000000708b00000, 0x0000000708c00000|  0%| F|  |TAMS 0x0000000708b00000, 0x0000000708b00000| Untracked 
| 116|0x0000000708c00000, 0x0000000708c00000, 0x0000000708d00000|  0%| F|  |TAMS 0x0000000708c00000, 0x0000000708c00000| Untracked 
| 117|0x0000000708d00000, 0x0000000708d00000, 0x0000000708e00000|  0%| F|  |TAMS 0x0000000708d00000, 0x0000000708d00000| Untracked 
| 118|0x0000000708e00000, 0x0000000708e00000, 0x0000000708f00000|  0%| F|  |TAMS 0x0000000708e00000, 0x0000000708e00000| Untracked 
| 119|0x0000000708f00000, 0x0000000708f00000, 0x0000000709000000|  0%| F|  |TAMS 0x0000000708f00000, 0x0000000708f00000| Untracked 
| 120|0x0000000709000000, 0x0000000709000000, 0x0000000709100000|  0%| F|  |TAMS 0x0000000709000000, 0x0000000709000000| Untracked 
| 121|0x0000000709100000, 0x0000000709100000, 0x0000000709200000|  0%| F|  |TAMS 0x0000000709100000, 0x0000000709100000| Untracked 
| 122|0x0000000709200000, 0x0000000709200000, 0x0000000709300000|  0%| F|  |TAMS 0x0000000709200000, 0x0000000709200000| Untracked 
| 123|0x0000000709300000, 0x0000000709300000, 0x0000000709400000|  0%| F|  |TAMS 0x0000000709300000, 0x0000000709300000| Untracked 
| 124|0x0000000709400000, 0x0000000709400000, 0x0000000709500000|  0%| F|  |TAMS 0x0000000709400000, 0x0000000709400000| Untracked 
| 125|0x0000000709500000, 0x0000000709500000, 0x0000000709600000|  0%| F|  |TAMS 0x0000000709500000, 0x0000000709500000| Untracked 
| 126|0x0000000709600000, 0x0000000709600000, 0x0000000709700000|  0%| F|  |TAMS 0x0000000709600000, 0x0000000709600000| Untracked 
| 127|0x0000000709700000, 0x0000000709700000, 0x0000000709800000|  0%| F|  |TAMS 0x0000000709700000, 0x0000000709700000| Untracked 
| 128|0x0000000709800000, 0x0000000709800000, 0x0000000709900000|  0%| F|  |TAMS 0x0000000709800000, 0x0000000709800000| Untracked 
| 129|0x0000000709900000, 0x0000000709900000, 0x0000000709a00000|  0%| F|  |TAMS 0x0000000709900000, 0x0000000709900000| Untracked 
| 130|0x0000000709a00000, 0x0000000709a00000, 0x0000000709b00000|  0%| F|  |TAMS 0x0000000709a00000, 0x0000000709a00000| Untracked 
| 131|0x0000000709b00000, 0x0000000709b00000, 0x0000000709c00000|  0%| F|  |TAMS 0x0000000709b00000, 0x0000000709b00000| Untracked 
| 132|0x0000000709c00000, 0x0000000709c00000, 0x0000000709d00000|  0%| F|  |TAMS 0x0000000709c00000, 0x0000000709c00000| Untracked 
| 133|0x0000000709d00000, 0x0000000709d00000, 0x0000000709e00000|  0%| F|  |TAMS 0x0000000709d00000, 0x0000000709d00000| Untracked 
| 134|0x0000000709e00000, 0x0000000709e00000, 0x0000000709f00000|  0%| F|  |TAMS 0x0000000709e00000, 0x0000000709e00000| Untracked 
| 135|0x0000000709f00000, 0x0000000709f00000, 0x000000070a000000|  0%| F|  |TAMS 0x0000000709f00000, 0x0000000709f00000| Untracked 
| 136|0x000000070a000000, 0x000000070a000000, 0x000000070a100000|  0%| F|  |TAMS 0x000000070a000000, 0x000000070a000000| Untracked 
| 137|0x000000070a100000, 0x000000070a100000, 0x000000070a200000|  0%| F|  |TAMS 0x000000070a100000, 0x000000070a100000| Untracked 
| 138|0x000000070a200000, 0x000000070a200000, 0x000000070a300000|  0%| F|  |TAMS 0x000000070a200000, 0x000000070a200000| Untracked 
| 139|0x000000070a300000, 0x000000070a300000, 0x000000070a400000|  0%| F|  |TAMS 0x000000070a300000, 0x000000070a300000| Untracked 
| 140|0x000000070a400000, 0x000000070a400000, 0x000000070a500000|  0%| F|  |TAMS 0x000000070a400000, 0x000000070a400000| Untracked 
| 141|0x000000070a500000, 0x000000070a500000, 0x000000070a600000|  0%| F|  |TAMS 0x000000070a500000, 0x000000070a500000| Untracked 
| 142|0x000000070a600000, 0x000000070a600000, 0x000000070a700000|  0%| F|  |TAMS 0x000000070a600000, 0x000000070a600000| Untracked 
| 143|0x000000070a700000, 0x000000070a700000, 0x000000070a800000|  0%| F|  |TAMS 0x000000070a700000, 0x000000070a700000| Untracked 
| 144|0x000000070a800000, 0x000000070a800000, 0x000000070a900000|  0%| F|  |TAMS 0x000000070a800000, 0x000000070a800000| Untracked 
| 145|0x000000070a900000, 0x000000070a900000, 0x000000070aa00000|  0%| F|  |TAMS 0x000000070a900000, 0x000000070a900000| Untracked 
| 146|0x000000070aa00000, 0x000000070aa00000, 0x000000070ab00000|  0%| F|  |TAMS 0x000000070aa00000, 0x000000070aa00000| Untracked 
| 147|0x000000070ab00000, 0x000000070ab00000, 0x000000070ac00000|  0%| F|  |TAMS 0x000000070ab00000, 0x000000070ab00000| Untracked 
| 148|0x000000070ac00000, 0x000000070ac00000, 0x000000070ad00000|  0%| F|  |TAMS 0x000000070ac00000, 0x000000070ac00000| Untracked 
| 149|0x000000070ad00000, 0x000000070ad00000, 0x000000070ae00000|  0%| F|  |TAMS 0x000000070ad00000, 0x000000070ad00000| Untracked 
| 150|0x000000070ae00000, 0x000000070ae00000, 0x000000070af00000|  0%| F|  |TAMS 0x000000070ae00000, 0x000000070ae00000| Untracked 
| 151|0x000000070af00000, 0x000000070af00000, 0x000000070b000000|  0%| F|  |TAMS 0x000000070af00000, 0x000000070af00000| Untracked 
| 152|0x000000070b000000, 0x000000070b000000, 0x000000070b100000|  0%| F|  |TAMS 0x000000070b000000, 0x000000070b000000| Untracked 
| 153|0x000000070b100000, 0x000000070b100000, 0x000000070b200000|  0%| F|  |TAMS 0x000000070b100000, 0x000000070b100000| Untracked 
| 154|0x000000070b200000, 0x000000070b200000, 0x000000070b300000|  0%| F|  |TAMS 0x000000070b200000, 0x000000070b200000| Untracked 
| 155|0x000000070b300000, 0x000000070b300000, 0x000000070b400000|  0%| F|  |TAMS 0x000000070b300000, 0x000000070b300000| Untracked 
| 156|0x000000070b400000, 0x000000070b400000, 0x000000070b500000|  0%| F|  |TAMS 0x000000070b400000, 0x000000070b400000| Untracked 
| 157|0x000000070b500000, 0x000000070b500000, 0x000000070b600000|  0%| F|  |TAMS 0x000000070b500000, 0x000000070b500000| Untracked 
| 158|0x000000070b600000, 0x000000070b600000, 0x000000070b700000|  0%| F|  |TAMS 0x000000070b600000, 0x000000070b600000| Untracked 
| 159|0x000000070b700000, 0x000000070b700000, 0x000000070b800000|  0%| F|  |TAMS 0x000000070b700000, 0x000000070b700000| Untracked 
| 160|0x000000070b800000, 0x000000070b800000, 0x000000070b900000|  0%| F|  |TAMS 0x000000070b800000, 0x000000070b800000| Untracked 
| 161|0x000000070b900000, 0x000000070b900000, 0x000000070ba00000|  0%| F|  |TAMS 0x000000070b900000, 0x000000070b900000| Untracked 
| 162|0x000000070ba00000, 0x000000070ba00000, 0x000000070bb00000|  0%| F|  |TAMS 0x000000070ba00000, 0x000000070ba00000| Untracked 
| 163|0x000000070bb00000, 0x000000070bb00000, 0x000000070bc00000|  0%| F|  |TAMS 0x000000070bb00000, 0x000000070bb00000| Untracked 
| 164|0x000000070bc00000, 0x000000070bc00000, 0x000000070bd00000|  0%| F|  |TAMS 0x000000070bc00000, 0x000000070bc00000| Untracked 
| 165|0x000000070bd00000, 0x000000070bd00000, 0x000000070be00000|  0%| F|  |TAMS 0x000000070bd00000, 0x000000070bd00000| Untracked 
| 166|0x000000070be00000, 0x000000070be00000, 0x000000070bf00000|  0%| F|  |TAMS 0x000000070be00000, 0x000000070be00000| Untracked 
| 167|0x000000070bf00000, 0x000000070bf00000, 0x000000070c000000|  0%| F|  |TAMS 0x000000070bf00000, 0x000000070bf00000| Untracked 
| 168|0x000000070c000000, 0x000000070c000000, 0x000000070c100000|  0%| F|  |TAMS 0x000000070c000000, 0x000000070c000000| Untracked 
| 169|0x000000070c100000, 0x000000070c100000, 0x000000070c200000|  0%| F|  |TAMS 0x000000070c100000, 0x000000070c100000| Untracked 
| 170|0x000000070c200000, 0x000000070c200000, 0x000000070c300000|  0%| F|  |TAMS 0x000000070c200000, 0x000000070c200000| Untracked 
| 171|0x000000070c300000, 0x000000070c300000, 0x000000070c400000|  0%| F|  |TAMS 0x000000070c300000, 0x000000070c300000| Untracked 
| 172|0x000000070c400000, 0x000000070c400000, 0x000000070c500000|  0%| F|  |TAMS 0x000000070c400000, 0x000000070c400000| Untracked 
| 173|0x000000070c500000, 0x000000070c500000, 0x000000070c600000|  0%| F|  |TAMS 0x000000070c500000, 0x000000070c500000| Untracked 
| 174|0x000000070c600000, 0x000000070c600000, 0x000000070c700000|  0%| F|  |TAMS 0x000000070c600000, 0x000000070c600000| Untracked 
| 175|0x000000070c700000, 0x000000070c700000, 0x000000070c800000|  0%| F|  |TAMS 0x000000070c700000, 0x000000070c700000| Untracked 
| 176|0x000000070c800000, 0x000000070c800000, 0x000000070c900000|  0%| F|  |TAMS 0x000000070c800000, 0x000000070c800000| Untracked 
| 177|0x000000070c900000, 0x000000070c900000, 0x000000070ca00000|  0%| F|  |TAMS 0x000000070c900000, 0x000000070c900000| Untracked 
| 178|0x000000070ca00000, 0x000000070ca00000, 0x000000070cb00000|  0%| F|  |TAMS 0x000000070ca00000, 0x000000070ca00000| Untracked 
| 179|0x000000070cb00000, 0x000000070cb00000, 0x000000070cc00000|  0%| F|  |TAMS 0x000000070cb00000, 0x000000070cb00000| Untracked 
| 180|0x000000070cc00000, 0x000000070cc00000, 0x000000070cd00000|  0%| F|  |TAMS 0x000000070cc00000, 0x000000070cc00000| Untracked 
| 181|0x000000070cd00000, 0x000000070cd00000, 0x000000070ce00000|  0%| F|  |TAMS 0x000000070cd00000, 0x000000070cd00000| Untracked 
| 182|0x000000070ce00000, 0x000000070ce00000, 0x000000070cf00000|  0%| F|  |TAMS 0x000000070ce00000, 0x000000070ce00000| Untracked 
| 183|0x000000070cf00000, 0x000000070cff3520, 0x000000070d000000| 95%| S|CS|TAMS 0x000000070cf00000, 0x000000070cf00000| Complete 
| 184|0x000000070d000000, 0x000000070d100000, 0x000000070d100000|100%| S|CS|TAMS 0x000000070d000000, 0x000000070d000000| Complete 
| 185|0x000000070d100000, 0x000000070d200000, 0x000000070d200000|100%| S|CS|TAMS 0x000000070d100000, 0x000000070d100000| Complete 
| 186|0x000000070d200000, 0x000000070d300000, 0x000000070d300000|100%| S|CS|TAMS 0x000000070d200000, 0x000000070d200000| Complete 
| 187|0x000000070d300000, 0x000000070d400000, 0x000000070d400000|100%| S|CS|TAMS 0x000000070d300000, 0x000000070d300000| Complete 
| 188|0x000000070d400000, 0x000000070d500000, 0x000000070d500000|100%| S|CS|TAMS 0x000000070d400000, 0x000000070d400000| Complete 
| 189|0x000000070d500000, 0x000000070d600000, 0x000000070d600000|100%| S|CS|TAMS 0x000000070d500000, 0x000000070d500000| Complete 
| 190|0x000000070d600000, 0x000000070d700000, 0x000000070d700000|100%| S|CS|TAMS 0x000000070d600000, 0x000000070d600000| Complete 
| 191|0x000000070d700000, 0x000000070d700000, 0x000000070d800000|  0%| F|  |TAMS 0x000000070d700000, 0x000000070d700000| Untracked 
| 192|0x000000070d800000, 0x000000070d800000, 0x000000070d900000|  0%| F|  |TAMS 0x000000070d800000, 0x000000070d800000| Untracked 
| 193|0x000000070d900000, 0x000000070d900000, 0x000000070da00000|  0%| F|  |TAMS 0x000000070d900000, 0x000000070d900000| Untracked 
| 194|0x000000070da00000, 0x000000070da00000, 0x000000070db00000|  0%| F|  |TAMS 0x000000070da00000, 0x000000070da00000| Untracked 
| 195|0x000000070db00000, 0x000000070db00000, 0x000000070dc00000|  0%| F|  |TAMS 0x000000070db00000, 0x000000070db00000| Untracked 
| 196|0x000000070dc00000, 0x000000070dc00000, 0x000000070dd00000|  0%| F|  |TAMS 0x000000070dc00000, 0x000000070dc00000| Untracked 
| 197|0x000000070dd00000, 0x000000070dd00000, 0x000000070de00000|  0%| F|  |TAMS 0x000000070dd00000, 0x000000070dd00000| Untracked 
| 198|0x000000070de00000, 0x000000070de00000, 0x000000070df00000|  0%| F|  |TAMS 0x000000070de00000, 0x000000070de00000| Untracked 
| 199|0x000000070df00000, 0x000000070df00000, 0x000000070e000000|  0%| F|  |TAMS 0x000000070df00000, 0x000000070df00000| Untracked 
| 200|0x000000070e000000, 0x000000070e000000, 0x000000070e100000|  0%| F|  |TAMS 0x000000070e000000, 0x000000070e000000| Untracked 
| 201|0x000000070e100000, 0x000000070e100000, 0x000000070e200000|  0%| F|  |TAMS 0x000000070e100000, 0x000000070e100000| Untracked 
| 202|0x000000070e200000, 0x000000070e200000, 0x000000070e300000|  0%| F|  |TAMS 0x000000070e200000, 0x000000070e200000| Untracked 
| 203|0x000000070e300000, 0x000000070e300000, 0x000000070e400000|  0%| F|  |TAMS 0x000000070e300000, 0x000000070e300000| Untracked 
| 204|0x000000070e400000, 0x000000070e400000, 0x000000070e500000|  0%| F|  |TAMS 0x000000070e400000, 0x000000070e400000| Untracked 
| 205|0x000000070e500000, 0x000000070e500000, 0x000000070e600000|  0%| F|  |TAMS 0x000000070e500000, 0x000000070e500000| Untracked 
| 206|0x000000070e600000, 0x000000070e600000, 0x000000070e700000|  0%| F|  |TAMS 0x000000070e600000, 0x000000070e600000| Untracked 
| 207|0x000000070e700000, 0x000000070e700000, 0x000000070e800000|  0%| F|  |TAMS 0x000000070e700000, 0x000000070e700000| Untracked 
| 208|0x000000070e800000, 0x000000070e800000, 0x000000070e900000|  0%| F|  |TAMS 0x000000070e800000, 0x000000070e800000| Untracked 
| 209|0x000000070e900000, 0x000000070e900000, 0x000000070ea00000|  0%| F|  |TAMS 0x000000070e900000, 0x000000070e900000| Untracked 
| 210|0x000000070ea00000, 0x000000070ea00000, 0x000000070eb00000|  0%| F|  |TAMS 0x000000070ea00000, 0x000000070ea00000| Untracked 
| 211|0x000000070eb00000, 0x000000070eb00000, 0x000000070ec00000|  0%| F|  |TAMS 0x000000070eb00000, 0x000000070eb00000| Untracked 
| 212|0x000000070ec00000, 0x000000070ec00000, 0x000000070ed00000|  0%| F|  |TAMS 0x000000070ec00000, 0x000000070ec00000| Untracked 
| 213|0x000000070ed00000, 0x000000070ed00000, 0x000000070ee00000|  0%| F|  |TAMS 0x000000070ed00000, 0x000000070ed00000| Untracked 
| 214|0x000000070ee00000, 0x000000070ee00000, 0x000000070ef00000|  0%| F|  |TAMS 0x000000070ee00000, 0x000000070ee00000| Untracked 
| 215|0x000000070ef00000, 0x000000070ef00000, 0x000000070f000000|  0%| F|  |TAMS 0x000000070ef00000, 0x000000070ef00000| Untracked 
| 216|0x000000070f000000, 0x000000070f000000, 0x000000070f100000|  0%| F|  |TAMS 0x000000070f000000, 0x000000070f000000| Untracked 
| 217|0x000000070f100000, 0x000000070f100000, 0x000000070f200000|  0%| F|  |TAMS 0x000000070f100000, 0x000000070f100000| Untracked 
| 218|0x000000070f200000, 0x000000070f200000, 0x000000070f300000|  0%| F|  |TAMS 0x000000070f200000, 0x000000070f200000| Untracked 
| 219|0x000000070f300000, 0x000000070f300000, 0x000000070f400000|  0%| F|  |TAMS 0x000000070f300000, 0x000000070f300000| Untracked 
| 220|0x000000070f400000, 0x000000070f400000, 0x000000070f500000|  0%| F|  |TAMS 0x000000070f400000, 0x000000070f400000| Untracked 
| 221|0x000000070f500000, 0x000000070f500000, 0x000000070f600000|  0%| F|  |TAMS 0x000000070f500000, 0x000000070f500000| Untracked 
| 222|0x000000070f600000, 0x000000070f600000, 0x000000070f700000|  0%| F|  |TAMS 0x000000070f600000, 0x000000070f600000| Untracked 
| 223|0x000000070f700000, 0x000000070f700000, 0x000000070f800000|  0%| F|  |TAMS 0x000000070f700000, 0x000000070f700000| Untracked 
| 224|0x000000070f800000, 0x000000070f800000, 0x000000070f900000|  0%| F|  |TAMS 0x000000070f800000, 0x000000070f800000| Untracked 
| 225|0x000000070f900000, 0x000000070f900000, 0x000000070fa00000|  0%| F|  |TAMS 0x000000070f900000, 0x000000070f900000| Untracked 
| 226|0x000000070fa00000, 0x000000070fa00000, 0x000000070fb00000|  0%| F|  |TAMS 0x000000070fa00000, 0x000000070fa00000| Untracked 
| 227|0x000000070fb00000, 0x000000070fb00000, 0x000000070fc00000|  0%| F|  |TAMS 0x000000070fb00000, 0x000000070fb00000| Untracked 
| 228|0x000000070fc00000, 0x000000070fd00000, 0x000000070fd00000|100%| E|  |TAMS 0x000000070fc00000, 0x000000070fc00000| Complete 
| 229|0x000000070fd00000, 0x000000070fe00000, 0x000000070fe00000|100%| E|CS|TAMS 0x000000070fd00000, 0x000000070fd00000| Complete 
| 230|0x000000070fe00000, 0x000000070ff00000, 0x000000070ff00000|100%| E|CS|TAMS 0x000000070fe00000, 0x000000070fe00000| Complete 
| 231|0x000000070ff00000, 0x0000000710000000, 0x0000000710000000|100%| E|CS|TAMS 0x000000070ff00000, 0x000000070ff00000| Complete 
| 232|0x0000000710000000, 0x0000000710100000, 0x0000000710100000|100%| E|CS|TAMS 0x0000000710000000, 0x0000000710000000| Complete 
| 233|0x0000000710100000, 0x0000000710200000, 0x0000000710200000|100%| E|CS|TAMS 0x0000000710100000, 0x0000000710100000| Complete 
| 234|0x0000000710200000, 0x0000000710300000, 0x0000000710300000|100%| E|CS|TAMS 0x0000000710200000, 0x0000000710200000| Complete 
| 235|0x0000000710300000, 0x0000000710400000, 0x0000000710400000|100%| E|CS|TAMS 0x0000000710300000, 0x0000000710300000| Complete 
| 236|0x0000000710400000, 0x0000000710500000, 0x0000000710500000|100%| E|CS|TAMS 0x0000000710400000, 0x0000000710400000| Complete 
| 237|0x0000000710500000, 0x0000000710600000, 0x0000000710600000|100%| E|CS|TAMS 0x0000000710500000, 0x0000000710500000| Complete 
| 238|0x0000000710600000, 0x0000000710700000, 0x0000000710700000|100%| E|CS|TAMS 0x0000000710600000, 0x0000000710600000| Complete 
| 239|0x0000000710700000, 0x0000000710800000, 0x0000000710800000|100%| E|CS|TAMS 0x0000000710700000, 0x0000000710700000| Complete 
| 240|0x0000000710800000, 0x0000000710900000, 0x0000000710900000|100%| E|CS|TAMS 0x0000000710800000, 0x0000000710800000| Complete 
| 241|0x0000000710900000, 0x0000000710a00000, 0x0000000710a00000|100%| E|CS|TAMS 0x0000000710900000, 0x0000000710900000| Complete 
| 242|0x0000000710a00000, 0x0000000710b00000, 0x0000000710b00000|100%| E|CS|TAMS 0x0000000710a00000, 0x0000000710a00000| Complete 
| 243|0x0000000710b00000, 0x0000000710c00000, 0x0000000710c00000|100%| E|CS|TAMS 0x0000000710b00000, 0x0000000710b00000| Complete 
| 244|0x0000000710c00000, 0x0000000710d00000, 0x0000000710d00000|100%| E|CS|TAMS 0x0000000710c00000, 0x0000000710c00000| Complete 
| 245|0x0000000710d00000, 0x0000000710e00000, 0x0000000710e00000|100%| E|CS|TAMS 0x0000000710d00000, 0x0000000710d00000| Complete 
| 246|0x0000000710e00000, 0x0000000710f00000, 0x0000000710f00000|100%| E|CS|TAMS 0x0000000710e00000, 0x0000000710e00000| Complete 
| 247|0x0000000710f00000, 0x0000000711000000, 0x0000000711000000|100%| E|CS|TAMS 0x0000000710f00000, 0x0000000710f00000| Complete 
| 248|0x0000000711000000, 0x0000000711100000, 0x0000000711100000|100%| E|CS|TAMS 0x0000000711000000, 0x0000000711000000| Complete 
| 249|0x0000000711100000, 0x0000000711200000, 0x0000000711200000|100%| E|CS|TAMS 0x0000000711100000, 0x0000000711100000| Complete 
| 250|0x0000000711200000, 0x0000000711300000, 0x0000000711300000|100%| E|CS|TAMS 0x0000000711200000, 0x0000000711200000| Complete 
| 251|0x0000000711300000, 0x0000000711400000, 0x0000000711400000|100%| E|CS|TAMS 0x0000000711300000, 0x0000000711300000| Complete 
| 252|0x0000000711400000, 0x0000000711500000, 0x0000000711500000|100%| E|CS|TAMS 0x0000000711400000, 0x0000000711400000| Complete 
| 253|0x0000000711500000, 0x0000000711600000, 0x0000000711600000|100%| E|CS|TAMS 0x0000000711500000, 0x0000000711500000| Complete 
| 254|0x0000000711600000, 0x0000000711700000, 0x0000000711700000|100%| E|CS|TAMS 0x0000000711600000, 0x0000000711600000| Complete 
| 255|0x0000000711700000, 0x0000000711800000, 0x0000000711800000|100%| E|CS|TAMS 0x0000000711700000, 0x0000000711700000| Complete 

Card table byte_map: [0x0000013f1ea00000,0x0000013f1f200000] _byte_map_base: 0x0000013f1b1f4000

Marking Bits (Prev, Next): (CMBitMap*) 0x0000013f0b40a8f8, (CMBitMap*) 0x0000013f0b40a930
 Prev Bits: [0x0000013f1fa00000, 0x0000013f239a0000)
 Next Bits: [0x0000013f239a0000, 0x0000013f27940000)

Polling page: 0x0000013f09270000

Metaspace:

Usage:
  Non-class:     42.59 MB capacity,    42.26 MB (>99%) used,   265.27 KB ( <1%) free+waste,    72.31 KB ( <1%) overhead. 
      Class:      5.78 MB capacity,     5.59 MB ( 97%) used,   166.99 KB (  3%) free+waste,    31.63 KB ( <1%) overhead. 
       Both:     48.38 MB capacity,    47.85 MB ( 99%) used,   432.27 KB ( <1%) free+waste,   103.94 KB ( <1%) overhead. 

Virtual space:
  Non-class space:       44.00 MB reserved,      42.75 MB ( 97%) committed 
      Class space:        1.00 GB reserved,       5.88 MB ( <1%) committed 
             Both:        1.04 GB reserved,      48.63 MB (  5%) committed 

Chunk freelists:
   Non-Class:  97.00 KB
       Class:  29.00 KB
        Both:  126.00 KB

MaxMetaspaceSize: 17179869184.00 GB
CompressedClassSpaceSize: 1.00 GB
Initial GC threshold: 20.80 MB
Current GC threshold: 58.75 MB
CDS: off

CodeHeap 'non-profiled nmethods': size=120000Kb used=1699Kb max_used=1699Kb free=118300Kb
 bounds [0x0000013f16990000, 0x0000013f16c00000, 0x0000013f1dec0000]
CodeHeap 'profiled nmethods': size=120000Kb used=8481Kb max_used=8481Kb free=111518Kb
 bounds [0x0000013f0f460000, 0x0000013f0fcb0000, 0x0000013f16990000]
CodeHeap 'non-nmethods': size=5760Kb used=1269Kb max_used=1329Kb free=4490Kb
 bounds [0x0000013f0eec0000, 0x0000013f0f130000, 0x0000013f0f460000]
 total_blobs=4309 nmethods=3756 adapters=465
 compilation: enabled
              stopped_count=0, restarted_count=0
 full_count=0

Compilation events (20 events):
Event: 4.274 Thread 0x0000013f2adea800 nmethod 3750 0x0000013f0fc8fb90 code [0x0000013f0fc8fd40, 0x0000013f0fc8fe38]
Event: 4.276 Thread 0x0000013f2adea800 3751       2       javaslang.collection.HashArrayMappedTrieModule$AbstractNode::toBitmap (4 bytes)
Event: 4.276 Thread 0x0000013f2adea800 nmethod 3751 0x0000013f0fc8ff10 code [0x0000013f0fc900c0, 0x0000013f0fc90198]
Event: 4.277 Thread 0x0000013f2adea800 3752       2       org.jetbrains.org.objectweb.asm.ClassReader::readParameterAnnotations (106 bytes)
Event: 4.278 Thread 0x0000013f2adea800 nmethod 3752 0x0000013f0fc90210 code [0x0000013f0fc90420, 0x0000013f0fc90898]
Event: 4.278 Thread 0x0000013f2adea800 3754       2       org.jetbrains.kotlin.load.java.structure.impl.classFiles.AnnotationsAndParameterCollectorMethodVisitor::visitParameterAnnotation (83 bytes)
Event: 4.279 Thread 0x0000013f2adea800 nmethod 3754 0x0000013f0fc90c90 code [0x0000013f0fc90ea0, 0x0000013f0fc912b8]
Event: 4.279 Thread 0x0000013f2adea800 3757       2       org.jetbrains.kotlin.cli.jvm.index.JvmDependenciesIndexImpl::doTravelPath (188 bytes)
Event: 4.280 Thread 0x0000013f2adea800 nmethod 3757 0x0000013f0fc91510 code [0x0000013f0fc917c0, 0x0000013f0fc91f58]
Event: 4.280 Thread 0x0000013f2adea800 3753       2       org.jetbrains.kotlin.load.java.structure.impl.classFiles.AnnotationsAndParameterCollectorMethodVisitor::visitAnnotableParameterCount (18 bytes)
Event: 4.280 Thread 0x0000013f2adea800 nmethod 3753 0x0000013f0fc92490 code [0x0000013f0fc92640, 0x0000013f0fc92758]
Event: 4.280 Thread 0x0000013f2adea800 3755       1       org.jetbrains.kotlin.load.java.structure.impl.classFiles.BinaryJavaClass::getFqName (5 bytes)
Event: 4.280 Thread 0x0000013f2adea800 nmethod 3755 0x0000013f16b28090 code [0x0000013f16b28240, 0x0000013f16b282f8]
Event: 4.280 Thread 0x0000013f2adea800 3756       2       gnu.trove.THash::computeMaxSize (38 bytes)
Event: 4.280 Thread 0x0000013f2adea800 nmethod 3756 0x0000013f0fc92810 code [0x0000013f0fc929c0, 0x0000013f0fc92b18]
Event: 4.280 Thread 0x0000013f2adea800 3759       2       sun.nio.fs.WindowsPath::isAbsolute (26 bytes)
Event: 4.280 Thread 0x0000013f2adea800 nmethod 3759 0x0000013f0fc92b90 code [0x0000013f0fc92d40, 0x0000013f0fc92e78]
Event: 4.280 Thread 0x0000013f2adea800 3758       1       org.jetbrains.kotlin.load.java.lazy.JavaResolverComponents::getAnnotationTypeQualifierResolver (5 bytes)
Event: 4.280 Thread 0x0000013f2adea800 nmethod 3758 0x0000013f16b28390 code [0x0000013f16b28540, 0x0000013f16b285f8]
Event: 4.282 Thread 0x0000013f2adea800 3760       1       javaslang.collection.HashArrayMappedTrieModule$LeafNode::isEmpty (2 bytes)

GC Heap History (10 events):
Event: 0.729 GC heap before
{Heap before GC invocations=0 (full 0):
 garbage-first heap   total 262144K, used 28672K [0x0000000701800000, 0x0000000800000000)
  region size 1024K, 24 young (24576K), 0 survivors (0K)
 Metaspace       used 12147K, capacity 12286K, committed 12416K, reserved 1060864K
  class space    used 1081K, capacity 1113K, committed 1152K, reserved 1048576K
}
Event: 0.732 GC heap after
{Heap after GC invocations=1 (full 0):
 garbage-first heap   total 262144K, used 7370K [0x0000000701800000, 0x0000000800000000)
  region size 1024K, 3 young (3072K), 3 survivors (3072K)
 Metaspace       used 12147K, capacity 12286K, committed 12416K, reserved 1060864K
  class space    used 1081K, capacity 1113K, committed 1152K, reserved 1048576K
}
Event: 1.395 GC heap before
{Heap before GC invocations=1 (full 0):
 garbage-first heap   total 262144K, used 45258K [0x0000000701800000, 0x0000000800000000)
  region size 1024K, 41 young (41984K), 3 survivors (3072K)
 Metaspace       used 20980K, capacity 21188K, committed 21248K, reserved 1069056K
  class space    used 2221K, capacity 2303K, committed 2304K, reserved 1048576K
}
Event: 1.407 GC heap after
{Heap after GC invocations=2 (full 0):
 garbage-first heap   total 262144K, used 11139K [0x0000000701800000, 0x0000000800000000)
  region size 1024K, 7 young (7168K), 7 survivors (7168K)
 Metaspace       used 20980K, capacity 21188K, committed 21248K, reserved 1069056K
  class space    used 2221K, capacity 2303K, committed 2304K, reserved 1048576K
}
Event: 2.359 GC heap before
{Heap before GC invocations=3 (full 0):
 garbage-first heap   total 262144K, used 68483K [0x0000000701800000, 0x0000000800000000)
  region size 1024K, 57 young (58368K), 7 survivors (7168K)
 Metaspace       used 33081K, capacity 33511K, committed 33792K, reserved 1079296K
  class space    used 4106K, capacity 4274K, committed 4352K, reserved 1048576K
}
Event: 2.371 GC heap after
{Heap after GC invocations=4 (full 0):
 garbage-first heap   total 262144K, used 23159K [0x0000000701800000, 0x0000000800000000)
  region size 1024K, 8 young (8192K), 8 survivors (8192K)
 Metaspace       used 33081K, capacity 33511K, committed 33792K, reserved 1079296K
  class space    used 4106K, capacity 4274K, committed 4352K, reserved 1048576K
}
Event: 2.609 GC heap before
{Heap before GC invocations=4 (full 0):
 garbage-first heap   total 262144K, used 34423K [0x0000000701800000, 0x0000000800000000)
  region size 1024K, 20 young (20480K), 8 survivors (8192K)
 Metaspace       used 35380K, capacity 35762K, committed 35840K, reserved 1081344K
  class space    used 4346K, capacity 4534K, committed 4608K, reserved 1048576K
}
Event: 2.619 GC heap after
{Heap after GC invocations=5 (full 0):
 garbage-first heap   total 262144K, used 25654K [0x0000000701800000, 0x0000000800000000)
  region size 1024K, 3 young (3072K), 3 survivors (3072K)
 Metaspace       used 35380K, capacity 35762K, committed 35840K, reserved 1081344K
  class space    used 4346K, capacity 4534K, committed 4608K, reserved 1048576K
}
Event: 4.020 GC heap before
{Heap before GC invocations=6 (full 0):
 garbage-first heap   total 262144K, used 91190K [0x0000000701800000, 0x0000000800000000)
  region size 1024K, 65 young (66560K), 3 survivors (3072K)
 Metaspace       used 48284K, capacity 48848K, committed 49024K, reserved 1091584K
  class space    used 5689K, capacity 5889K, committed 6016K, reserved 1048576K
}
Event: 4.028 GC heap after
{Heap after GC invocations=7 (full 0):
 garbage-first heap   total 262144K, used 31511K [0x0000000701800000, 0x0000000800000000)
  region size 1024K, 8 young (8192K), 8 survivors (8192K)
 Metaspace       used 48284K, capacity 48848K, committed 49024K, reserved 1091584K
  class space    used 5689K, capacity 5889K, committed 6016K, reserved 1048576K
}

Deoptimization events (20 events):
Event: 3.619 Thread 0x0000013f0939e000 DEOPT PACKING pc=0x0000013f16a93340 sp=0x0000003c10bfb140
Event: 3.619 Thread 0x0000013f0939e000 DEOPT UNPACKING pc=0x0000013f0ef0a1af sp=0x0000003c10bfb028 mode 2
Event: 3.650 Thread 0x0000013f0939e000 Uncommon trap: trap_request=0xffffffc6 fr.pc=0x0000013f16a5ef90 relative=0x0000000000001570
Event: 3.650 Thread 0x0000013f0939e000 Uncommon trap: reason=bimorphic_or_optimized_type_check action=maybe_recompile pc=0x0000013f16a5ef90 method=java.util.zip.ZipFile.getZipEntry(Ljava/lang/String;[BILjava/util/function/Function;)Ljava/util/zip/ZipEntry; @ 108 c2
Event: 3.650 Thread 0x0000013f0939e000 DEOPT PACKING pc=0x0000013f16a5ef90 sp=0x0000003c10bfb230
Event: 3.650 Thread 0x0000013f0939e000 DEOPT UNPACKING pc=0x0000013f0ef0a1af sp=0x0000003c10bfb1e8 mode 2
Event: 3.665 Thread 0x0000013f0939e000 Uncommon trap: trap_request=0xffffffc6 fr.pc=0x0000013f16a5ef90 relative=0x0000000000001570
Event: 3.665 Thread 0x0000013f0939e000 Uncommon trap: reason=bimorphic_or_optimized_type_check action=maybe_recompile pc=0x0000013f16a5ef90 method=java.util.zip.ZipFile.getZipEntry(Ljava/lang/String;[BILjava/util/function/Function;)Ljava/util/zip/ZipEntry; @ 108 c2
Event: 3.665 Thread 0x0000013f0939e000 DEOPT PACKING pc=0x0000013f16a5ef90 sp=0x0000003c10bfb230
Event: 3.665 Thread 0x0000013f0939e000 DEOPT UNPACKING pc=0x0000013f0ef0a1af sp=0x0000003c10bfb1e8 mode 2
Event: 3.667 Thread 0x0000013f0939e000 Uncommon trap: trap_request=0xffffffc6 fr.pc=0x0000013f16a5ef90 relative=0x0000000000001570
Event: 3.667 Thread 0x0000013f0939e000 Uncommon trap: reason=bimorphic_or_optimized_type_check action=maybe_recompile pc=0x0000013f16a5ef90 method=java.util.zip.ZipFile.getZipEntry(Ljava/lang/String;[BILjava/util/function/Function;)Ljava/util/zip/ZipEntry; @ 108 c2
Event: 3.667 Thread 0x0000013f0939e000 DEOPT PACKING pc=0x0000013f16a5ef90 sp=0x0000003c10bfb230
Event: 3.667 Thread 0x0000013f0939e000 DEOPT UNPACKING pc=0x0000013f0ef0a1af sp=0x0000003c10bfb1e8 mode 2
Event: 3.681 Thread 0x0000013f0939e000 DEOPT PACKING pc=0x0000013f0fa545ff sp=0x0000003c10bfb350
Event: 3.681 Thread 0x0000013f0939e000 DEOPT UNPACKING pc=0x0000013f0ef0a95e sp=0x0000003c10bfa7a0 mode 0
Event: 4.003 Thread 0x0000013f0939e000 DEOPT PACKING pc=0x0000013f0f7fa25b sp=0x0000003c10bfaa40
Event: 4.003 Thread 0x0000013f0939e000 DEOPT UNPACKING pc=0x0000013f0ef0a95e sp=0x0000003c10bf9eb8 mode 0
Event: 4.079 Thread 0x0000013f0939e000 DEOPT PACKING pc=0x0000013f0fa545ff sp=0x0000003c10bfb2c0
Event: 4.079 Thread 0x0000013f0939e000 DEOPT UNPACKING pc=0x0000013f0ef0a95e sp=0x0000003c10bfa710 mode 0

Classes redefined (0 events):
No events

Internal exceptions (20 events):
Event: 1.386 Thread 0x0000013f0939e000 Exception <a 'java/lang/NoSuchMethodError'{0x000000070f0f2c08}: 'long java.lang.invoke.DirectMethodHandle$Holder.invokeStatic(java.lang.Object)'> (0x000000070f0f2c08) thrown at [src/hotspot/share/interpreter/linkResolver.cpp, line 773]
Event: 1.386 Thread 0x0000013f0939e000 Exception <a 'java/lang/NoSuchMethodError'{0x000000070f0f5a60}: 'long java.lang.invoke.DirectMethodHandle$Holder.invokeStaticInit(java.lang.Object)'> (0x000000070f0f5a60) thrown at [src/hotspot/share/interpreter/linkResolver.cpp, line 773]
Event: 1.429 Thread 0x0000013f0939e000 Exception <a 'java/lang/NoSuchMethodError'{0x00000007117cdf80}: 'int java.lang.invoke.DirectMethodHandle$Holder.invokeSpecialIFC(java.lang.Object, java.lang.Object, int)'> (0x00000007117cdf80) thrown at [src/hotspot/share/interpreter/linkResolver.cpp, line 773]
Event: 1.463 Thread 0x0000013f0939e000 Exception <a 'java/lang/NoSuchMethodError'{0x000000071130ee78}: 'int java.lang.invoke.DirectMethodHandle$Holder.invokeStaticInit(java.lang.Object, java.lang.Object, java.lang.Object)'> (0x000000071130ee78) thrown at [src/hotspot/share/interpreter/linkResolver.cpp, line 773]
Event: 1.468 Thread 0x0000013f0939e000 Exception <a 'java/lang/NoSuchMethodError'{0x000000071133aa38}: 'int java.lang.invoke.DirectMethodHandle$Holder.invokeStaticInit(java.lang.Object, java.lang.Object)'> (0x000000071133aa38) thrown at [src/hotspot/share/interpreter/linkResolver.cpp, line 773]
Event: 1.511 Thread 0x0000013f0939e000 Exception <a 'java/lang/NoSuchMethodError'{0x000000071114ee00}: 'void java.lang.invoke.DirectMethodHandle$Holder.invokeSpecial(java.lang.Object, java.lang.Object)'> (0x000000071114ee00) thrown at [src/hotspot/share/interpreter/linkResolver.cpp, line 773]
Event: 1.691 Thread 0x0000013f0939e000 Exception <a 'java/lang/NoSuchMethodError'{0x0000000710807510}: 'java.lang.Object java.lang.invoke.DirectMethodHandle$Holder.invokeStatic(java.lang.Object, java.lang.Object, java.lang.Object, java.lang.Object, java.lang.Object, java.lang.Object, java.lang.Object, java.lang.Object, java.lang.Object, java.lang.Object, java.lang.Object, java.lang.Object, java.lang.Object, java.lang.Object, java.lang.Object)'> (0x0000000710807510) thrown at [src/hotspot/share/interpreter/linkResolver.cpp, line 773]
Event: 1.693 Thread 0x0000013f0939e000 Exception <a 'java/lang/NoSuchMethodError'{0x0000000710815518}: 'java.lang.Object java.lang.invoke.DirectMethodHandle$Holder.invokeStatic(java.lang.Object, java.lang.Object, java.lang.Object, java.lang.Object, java.lang.Object, java.lang.Object, java.lang.Object, java.lang.Object, java.lang.Object, java.lang.Object, java.lang.Object, java.lang.Object, java.lang.Object, java.lang.Object, java.lang.Object, java.lang.Object)'> (0x0000000710815518) thrown at [src/hotspot/share/interpreter/linkResolver.cpp, lin
Event: 1.694 Thread 0x0000013f0939e000 Exception <a 'java/lang/NoSuchMethodError'{0x0000000710823430}: 'java.lang.Object java.lang.invoke.DirectMethodHandle$Holder.invokeSpecial(java.lang.Object, java.lang.Object, int, int, java.lang.Object, java.lang.Object, java.lang.Object)'> (0x0000000710823430) thrown at [src/hotspot/share/interpreter/linkResolver.cpp, line 773]
Event: 1.694 Thread 0x0000013f0939e000 Exception <a 'java/lang/NoSuchMethodError'{0x0000000710826c68}: 'java.lang.Object java.lang.invoke.DelegatingMethodHandle$Holder.reinvoke_L(java.lang.Object, int, int, java.lang.Object, java.lang.Object, java.lang.Object)'> (0x0000000710826c68) thrown at [src/hotspot/share/interpreter/linkResolver.cpp, line 773]
Event: 1.694 Thread 0x0000013f0939e000 Exception <a 'java/lang/NoSuchMethodError'{0x000000071082aff0}: 'java.lang.Object java.lang.invoke.DirectMethodHandle$Holder.invokeStatic(java.lang.Object, java.lang.Object, java.lang.Object, java.lang.Object, int)'> (0x000000071082aff0) thrown at [src/hotspot/share/interpreter/linkResolver.cpp, line 773]
Event: 1.730 Thread 0x0000013f0939e000 Exception <a 'java/lang/NoSuchMethodError'{0x0000000710751410}: 'void java.lang.invoke.DirectMethodHandle$Holder.invokeStatic(java.lang.Object, java.lang.Object, java.lang.Object, java.lang.Object)'> (0x0000000710751410) thrown at [src/hotspot/share/interpreter/linkResolver.cpp, line 773]
Event: 1.789 Thread 0x0000013f0939e000 Exception <a 'java/lang/NoSuchMethodError'{0x000000071033d6b0}: 'void java.lang.invoke.DirectMethodHandle$Holder.invokeStaticInit(java.lang.Object, java.lang.Object)'> (0x000000071033d6b0) thrown at [src/hotspot/share/interpreter/linkResolver.cpp, line 773]
Event: 1.854 Thread 0x0000013f0939e000 Exception <a 'java/lang/NoSuchMethodError'{0x000000070ff83bc8}: 'void java.lang.invoke.DirectMethodHandle$Holder.invokeVirtual(java.lang.Object, java.lang.Object)'> (0x000000070ff83bc8) thrown at [src/hotspot/share/interpreter/linkResolver.cpp, line 773]
Event: 1.866 Thread 0x0000013f0939e000 Exception <a 'java/lang/NoSuchMethodError'{0x000000070fe4e7c0}: 'int java.lang.invoke.DirectMethodHandle$Holder.invokeVirtual(java.lang.Object, java.lang.Object)'> (0x000000070fe4e7c0) thrown at [src/hotspot/share/interpreter/linkResolver.cpp, line 773]
Event: 2.602 Thread 0x0000013f0939e000 Exception <a 'java/lang/NoSuchMethodError'{0x0000000710c95e88}: 'java.lang.Object java.lang.invoke.DirectMethodHandle$Holder.invokeVirtual(java.lang.Object, java.lang.Object, java.lang.Object)'> (0x0000000710c95e88) thrown at [src/hotspot/share/interpreter/linkResolver.cpp, line 773]
Event: 3.467 Thread 0x0000013f0939e000 Exception <a 'java/lang/NoSuchMethodError'{0x000000070eb5ce58}: 'java.lang.Object java.lang.invoke.Invokers$Holder.linkToTargetMethod(java.lang.Object, int, java.lang.Object)'> (0x000000070eb5ce58) thrown at [src/hotspot/share/interpreter/linkResolver.cpp, line 773]
Event: 3.553 Thread 0x0000013f0939e000 Exception <a 'java/lang/NoSuchMethodError'{0x000000070e9189f8}: 'java.lang.Object java.lang.invoke.DirectMethodHandle$Holder.invokeStatic(java.lang.Object, java.lang.Object, java.lang.Object, int)'> (0x000000070e9189f8) thrown at [src/hotspot/share/interpreter/linkResolver.cpp, line 773]
Event: 3.554 Thread 0x0000013f0939e000 Exception <a 'java/lang/NoSuchMethodError'{0x000000070e91c668}: 'java.lang.Object java.lang.invoke.DirectMethodHandle$Holder.invokeSpecial(java.lang.Object, java.lang.Object, java.lang.Object, java.lang.Object, int)'> (0x000000070e91c668) thrown at [src/hotspot/share/interpreter/linkResolver.cpp, line 773]
Event: 3.554 Thread 0x0000013f0939e000 Exception <a 'java/lang/NoSuchMethodError'{0x000000070e91f978}: 'java.lang.Object java.lang.invoke.Invokers$Holder.linkToTargetMethod(java.lang.Object, java.lang.Object, int, java.lang.Object)'> (0x000000070e91f978) thrown at [src/hotspot/share/interpreter/linkResolver.cpp, line 773]

Events (20 events):
Event: 4.230 loading class org/jetbrains/kotlin/com/intellij/psi/impl/source/tree/ForeignLeafPsiElement done
Event: 4.232 loading class org/jetbrains/kotlin/load/kotlin/KotlinJvmBinarySourceElement
Event: 4.232 loading class org/jetbrains/kotlin/load/kotlin/KotlinJvmBinarySourceElement done
Event: 4.233 loading class org/jetbrains/kotlin/resolve/BindingContextUtils
Event: 4.233 loading class org/jetbrains/kotlin/resolve/BindingContextUtils done
Event: 4.234 loading class org/jetbrains/kotlin/resolve/InlineClassesUtilsKt
Event: 4.234 loading class org/jetbrains/kotlin/resolve/InlineClassesUtilsKt done
Event: 4.235 loading class org/jetbrains/kotlin/resolve/lazy/ForceResolveUtil
Event: 4.235 loading class org/jetbrains/kotlin/resolve/lazy/ForceResolveUtil done
Event: 4.236 loading class org/jetbrains/kotlin/descriptors/impl/ValueParameterDescriptorImpl$WithDestructuringDeclaration
Event: 4.236 loading class org/jetbrains/kotlin/descriptors/impl/ValueParameterDescriptorImpl$WithDestructuringDeclaration done
Event: 4.246 Loaded shared library C:\Program Files\Android\Android Studio\jbr\bin\java.dll
Event: 4.252 loading class org/jetbrains/kotlin/load/java/structure/impl/classFiles/PlainJavaEnumValueAnnotationArgument
Event: 4.252 loading class org/jetbrains/kotlin/load/java/structure/impl/classFiles/PlainJavaEnumValueAnnotationArgument done
Event: 4.253 loading class org/jetbrains/kotlin/load/java/structure/JavaEnumValueAnnotationArgument
Event: 4.253 loading class org/jetbrains/kotlin/load/java/structure/JavaEnumValueAnnotationArgument done
Event: 4.276 loading class org/jetbrains/kotlin/load/java/structure/impl/classFiles/PlainJavaClassObjectAnnotationArgument
Event: 4.276 loading class org/jetbrains/kotlin/load/java/structure/impl/classFiles/PlainJavaClassObjectAnnotationArgument done
Event: 4.277 loading class org/jetbrains/kotlin/load/java/structure/JavaClassObjectAnnotationArgument
Event: 4.277 loading class org/jetbrains/kotlin/load/java/structure/JavaClassObjectAnnotationArgument done


Dynamic libraries:
0x00007ff7f53d0000 - 0x00007ff7f53da000 	C:\Program Files\Android\Android Studio\jbr\bin\java.exe
0x00007ff867480000 - 0x00007ff86766e000 	C:\Windows\SYSTEM32\ntdll.dll
0x00007ff864750000 - 0x00007ff864803000 	C:\Windows\System32\KERNEL32.DLL
0x00007ff8635c0000 - 0x00007ff86385c000 	C:\Windows\System32\KERNELBASE.dll
0x00007ff8644d0000 - 0x00007ff8645ca000 	C:\Windows\System32\ucrtbase.dll
0x00007ff8440e0000 - 0x00007ff8440fb000 	C:\Program Files\Android\Android Studio\jbr\bin\VCRUNTIME140.dll
0x00007ff848de0000 - 0x00007ff848df7000 	C:\Program Files\Android\Android Studio\jbr\bin\jli.dll
0x00007ff867000000 - 0x00007ff867198000 	C:\Windows\System32\USER32.dll
0x00007ff84eab0000 - 0x00007ff84ed29000 	C:\Windows\WinSxS\amd64_microsoft.windows.common-controls_6595b64144ccf1df_6.0.17763.4131_none_de70d21e534b9adf\COMCTL32.dll
0x00007ff864460000 - 0x00007ff864480000 	C:\Windows\System32\win32u.dll
0x00007ff8646b0000 - 0x00007ff86474e000 	C:\Windows\System32\msvcrt.dll
0x00007ff866b90000 - 0x00007ff866bb9000 	C:\Windows\System32\GDI32.dll
0x00007ff863a60000 - 0x00007ff863c00000 	C:\Windows\System32\gdi32full.dll
0x00007ff864810000 - 0x00007ff864b3c000 	C:\Windows\System32\combase.dll
0x00007ff863520000 - 0x00007ff8635c0000 	C:\Windows\System32\msvcp_win.dll
0x00007ff866c40000 - 0x00007ff866d5d000 	C:\Windows\System32\RPCRT4.dll
0x00007ff864620000 - 0x00007ff8646a2000 	C:\Windows\System32\bcryptPrimitives.dll
0x00007ff864f00000 - 0x00007ff864f2e000 	C:\Windows\System32\IMM32.DLL
0x00007ff82af30000 - 0x00007ff82afbd000 	C:\Program Files\Android\Android Studio\jbr\bin\msvcp140.dll
0x00007ff8546f0000 - 0x00007ff8546fc000 	C:\Windows\SYSTEM32\VCRUNTIME140_1.dll
0x00007ff813700000 - 0x00007ff8142bc000 	C:\Program Files\Android\Android Studio\jbr\bin\server\jvm.dll
0x00007ff866e20000 - 0x00007ff866ec7000 	C:\Windows\System32\ADVAPI32.dll
0x00007ff864cc0000 - 0x00007ff864d5f000 	C:\Windows\System32\sechost.dll
0x00007ff864b40000 - 0x00007ff864b48000 	C:\Windows\System32\PSAPI.DLL
0x00007ff851590000 - 0x00007ff851599000 	C:\Windows\SYSTEM32\WSOCK32.dll
0x00007ff860470000 - 0x00007ff860494000 	C:\Windows\SYSTEM32\WINMM.dll
0x00007ff85bfc0000 - 0x00007ff85bfca000 	C:\Windows\SYSTEM32\VERSION.dll
0x00007ff866bc0000 - 0x00007ff866c2d000 	C:\Windows\System32\WS2_32.dll
0x00007ff860420000 - 0x00007ff86044d000 	C:\Windows\SYSTEM32\winmmbase.dll
0x00007ff8645d0000 - 0x00007ff86461a000 	C:\Windows\System32\cfgmgr32.dll
0x00007ff8634b0000 - 0x00007ff8634c1000 	C:\Windows\System32\kernel.appcore.dll
0x00007ff85a9e0000 - 0x00007ff85a9f0000 	C:\Program Files\Android\Android Studio\jbr\bin\verify.dll
0x00007ff861c20000 - 0x00007ff861e0d000 	C:\Windows\SYSTEM32\DBGHELP.DLL
0x00007ff8510e0000 - 0x00007ff85110a000 	C:\Windows\SYSTEM32\dbgcore.DLL
0x00007ff85a9b0000 - 0x00007ff85a9d8000 	C:\Program Files\Android\Android Studio\jbr\bin\java.dll
0x00007ff85a980000 - 0x00007ff85a98a000 	C:\Program Files\Android\Android Studio\jbr\bin\jimage.dll
0x00007ff85a800000 - 0x00007ff85a818000 	C:\Program Files\Android\Android Studio\jbr\bin\zip.dll
0x00007ff864fb0000 - 0x00007ff8664a8000 	C:\Windows\System32\SHELL32.dll
0x00007ff866ae0000 - 0x00007ff866b87000 	C:\Windows\System32\shcore.dll
0x00007ff863cb0000 - 0x00007ff8643f9000 	C:\Windows\System32\windows.storage.dll
0x00007ff8634f0000 - 0x00007ff863513000 	C:\Windows\System32\profapi.dll
0x00007ff863450000 - 0x00007ff8634ad000 	C:\Windows\System32\powrprof.dll
0x00007ff867300000 - 0x00007ff867352000 	C:\Windows\System32\shlwapi.dll
0x00007ff8644b0000 - 0x00007ff8644cb000 	C:\Windows\System32\cryptsp.dll
0x00007ff85a7e0000 - 0x00007ff85a7f9000 	C:\Program Files\Android\Android Studio\jbr\bin\net.dll
0x00007ff859fd0000 - 0x00007ff85a0cf000 	C:\Windows\SYSTEM32\WINHTTP.dll
0x00007ff862c40000 - 0x00007ff862ca7000 	C:\Windows\system32\mswsock.dll
0x00007ff85a670000 - 0x00007ff85a683000 	C:\Program Files\Android\Android Studio\jbr\bin\nio.dll

dbghelp: loaded successfully - version: 4.0.5 - missing functions: none
symbol engine: initialized successfully - sym options: 0x614 - pdb path: .;C:\Program Files\Android\Android Studio\jbr\bin;C:\Windows\SYSTEM32;C:\Windows\WinSxS\amd64_microsoft.windows.common-controls_6595b64144ccf1df_6.0.17763.4131_none_de70d21e534b9adf;C:\Program Files\Android\Android Studio\jbr\bin\server

VM Arguments:
java_command: org.jetbrains.kotlin.cli.jvm.K2JVMCompiler @C:\Users\Ranialvz-PC\MyApplicationlayout06\app\build\20230423_12861450325163504351.compiler.options
java_class_path (initial): C:\Users\Ranialvz-PC\.gradle\caches\modules-2\files-2.1\org.jetbrains.kotlin\kotlin-compiler-embeddable\1.7.21\a36688d6a38ea94ac3fce84e198ea2cb6c6a8e88\kotlin-compiler-embeddable-1.7.21.jar;C:\Users\Ranialvz-PC\.gradle\caches\modules-2\files-2.1\org.jetbrains.kotlin\kotlin-reflect\1.7.21\ad6d09bc4db0eab1069112eea8ebea0be7be44f\kotlin-reflect-1.7.21.jar;C:\Users\Ranialvz-PC\.gradle\caches\modules-2\files-2.1\org.jetbrains.kotlin\kotlin-stdlib\1.7.21\1a2eaf898a0dda83037034b10a42053cf8a7caf8\kotlin-stdlib-1.7.21.jar;C:\Users\Ranialvz-PC\.gradle\caches\modules-2\files-2.1\org.jetbrains.kotlin\kotlin-script-runtime\1.7.21\b06d5c58297dccce2a0f69b0636804b0a73b3b9\kotlin-script-runtime-1.7.21.jar;C:\Users\Ranialvz-PC\.gradle\caches\modules-2\files-2.1\org.jetbrains.kotlin\kotlin-daemon-embeddable\1.7.21\b94818f660cc50f5d39f04b6396ac38e4d3a9eb7\kotlin-daemon-embeddable-1.7.21.jar;C:\Users\Ranialvz-PC\.gradle\caches\modules-2\files-2.1\org.jetbrains.intellij.deps\trove4j\1.0.20200330\3afb14d5f9ceb459d724e907a21145e8ff394f02\trove4j-1.0.20200330.jar;C:\Users\Ranialvz-PC\.gradle\caches\modules-2\files-2.1\net.java.dev.jna\jna\5.6.0\330f2244e9030119ab3030fc3fededc86713d9cc\jna-5.6.0.jar;C:\Users\Ranialvz-PC\.gradle\caches\modules-2\files-2.1\org.jetbrains.kotlin\kotlin-stdlib-common\1.7.21\cb02257de8e13e8498f8e2f69f742f2d438e794d\kotlin-stdlib-common-1.7.21.jar;C:\Users\Ranialvz-PC\.gradle\caches\modules-2\files-2.1\org.jetbrains\annotations\13.0\919f0dfe192fb4e063e7dacadee7f8bb9a2672a9\annotations-13.0.jar
Launcher Type: SUN_STANDARD

[Global flags]
     intx CICompilerCount                          = 4                                         {product} {ergonomic}
     uint ConcGCThreads                            = 2                                         {product} {ergonomic}
     uint G1ConcRefinementThreads                  = 8                                         {product} {ergonomic}
   size_t G1HeapRegionSize                         = 1048576                                   {product} {ergonomic}
    uintx GCDrainStackTargetSize                   = 64                                        {product} {ergonomic}
   size_t InitialHeapSize                          = 268435456                                 {product} {ergonomic}
   size_t MarkStackSize                            = 4194304                                   {product} {ergonomic}
   size_t MaxHeapSize                              = 4269801472                                {product} {ergonomic}
   size_t MaxNewSize                               = 2561671168                                {product} {ergonomic}
   size_t MinHeapDeltaBytes                        = 1048576                                   {product} {ergonomic}
    uintx NonNMethodCodeHeapSize                   = 5836300                                {pd product} {ergonomic}
    uintx NonProfiledCodeHeapSize                  = 122910970                              {pd product} {ergonomic}
    uintx ProfiledCodeHeapSize                     = 122910970                              {pd product} {ergonomic}
    uintx ReservedCodeCacheSize                    = 251658240                              {pd product} {ergonomic}
     bool SegmentedCodeCache                       = true                                      {product} {ergonomic}
     bool UseCompressedClassPointers               = true                                 {lp64_product} {ergonomic}
     bool UseCompressedOops                        = true                                 {lp64_product} {ergonomic}
     bool UseG1GC                                  = true                                      {product} {ergonomic}
     bool UseLargePagesIndividualAllocation        = false                                  {pd product} {ergonomic}

Logging:
Log output configuration:
 #0: stdout all=warning uptime,level,tags
 #1: stderr all=off uptime,level,tags

Environment Variables:
PATH=C:\Windows\system32;C:\Windows;C:\Windows\System32\Wbem;C:\Windows\System32\WindowsPowerShell\v1.0\;C:\Windows\System32\OpenSSH\;C:\Program Files\PuTTY\;I:\git\Git\cmd;C:\Program Files\dotnet\;C:\Users\Ranialvz-PC\AppData\Local\Programs\Python\Python311\Scripts\;C:\Users\Ranialvz-PC\AppData\Local\Programs\Python\Python311\;C:\Users\Ranialvz-PC\AppData\Local\Microsoft\WindowsApps;I:\intel\IntelliJ IDEA Community Edition 2022.3.2\bin;;C:\Users\Ranialvz-PC\AppData\Local\GitHubDesktop\bin
USERNAME=Ranialvz-PC
OS=Windows_NT
PROCESSOR_IDENTIFIER=Intel64 Family 6 Model 60 Stepping 3, GenuineIntel



---------------  S Y S T E M  ---------------

OS: Windows 10 , 64 bit Build 17763 (10.0.17763.4131)
OS uptime: 1 days 17:01 hours

CPU:total 8 (initial active 8) (4 cores per cpu, 2 threads per core) family 6 model 60 stepping 3 microcode 0x28, cmov, cx8, fxsr, mmx, sse, sse2, sse3, ssse3, sse4.1, sse4.2, popcnt, avx, avx2, aes, clmul, erms, lzcnt, ht, tsc, tscinvbit, bmi1, bmi2, fma

Memory: 4k page, system-wide physical 16284M (676M free)
TotalPageFile size 18332M (AvailPageFile size 11M)
current process WorkingSet (physical memory assigned to process): 253M, peak: 262M
current process commit charge ("private bytes"): 452M, peak: 463M

vm_info: OpenJDK 64-Bit Server VM (11.0.15+0-b2043.56-8887301) for windows-amd64 JRE (11.0.15+0-b2043.56-8887301), built on Jul 29 2022 23:19:47 by "builduser" with unknown MS VC++:1929

END.
